{"/home/runner/work/Obsidian-Time-Blocks/Obsidian-Time-Blocks/src/settings.ts": {"path":"/home/runner/work/Obsidian-Time-Blocks/Obsidian-Time-Blocks/src/settings.ts","statementMap":{"0":{"start":{"line":63,"column":51},"end":{"line":75,"column":null}},"1":{"start":{"line":81,"column":2},"end":{"line":81,"column":null}},"2":{"start":{"line":82,"column":2},"end":{"line":82,"column":null}},"3":{"start":{"line":86,"column":26},"end":{"line":86,"column":null}},"4":{"start":{"line":87,"column":2},"end":{"line":87,"column":null}},"5":{"start":{"line":90,"column":2},"end":{"line":90,"column":null}},"6":{"start":{"line":92,"column":2},"end":{"line":106,"column":null}},"7":{"start":{"line":99,"column":4},"end":{"line":105,"column":null}},"8":{"start":{"line":103,"column":6},"end":{"line":103,"column":null}},"9":{"start":{"line":104,"column":6},"end":{"line":104,"column":null}},"10":{"start":{"line":109,"column":2},"end":{"line":109,"column":null}},"11":{"start":{"line":111,"column":2},"end":{"line":123,"column":null}},"12":{"start":{"line":115,"column":4},"end":{"line":122,"column":null}},"13":{"start":{"line":120,"column":6},"end":{"line":120,"column":null}},"14":{"start":{"line":121,"column":6},"end":{"line":121,"column":null}},"15":{"start":{"line":125,"column":2},"end":{"line":137,"column":null}},"16":{"start":{"line":129,"column":4},"end":{"line":136,"column":null}},"17":{"start":{"line":134,"column":6},"end":{"line":134,"column":null}},"18":{"start":{"line":135,"column":6},"end":{"line":135,"column":null}},"19":{"start":{"line":140,"column":2},"end":{"line":140,"column":null}},"20":{"start":{"line":142,"column":2},"end":{"line":154,"column":null}},"21":{"start":{"line":146,"column":4},"end":{"line":153,"column":null}},"22":{"start":{"line":151,"column":6},"end":{"line":151,"column":null}},"23":{"start":{"line":152,"column":6},"end":{"line":152,"column":null}},"24":{"start":{"line":156,"column":2},"end":{"line":174,"column":null}},"25":{"start":{"line":164,"column":4},"end":{"line":173,"column":null}},"26":{"start":{"line":169,"column":6},"end":{"line":169,"column":null}},"27":{"start":{"line":170,"column":6},"end":{"line":170,"column":null}},"28":{"start":{"line":172,"column":6},"end":{"line":172,"column":null}},"29":{"start":{"line":177,"column":2},"end":{"line":204,"column":null}},"30":{"start":{"line":178,"column":3},"end":{"line":192,"column":null}},"31":{"start":{"line":185,"column":5},"end":{"line":191,"column":null}},"32":{"start":{"line":189,"column":7},"end":{"line":189,"column":null}},"33":{"start":{"line":190,"column":7},"end":{"line":190,"column":null}},"34":{"start":{"line":194,"column":3},"end":{"line":204,"column":null}},"35":{"start":{"line":198,"column":5},"end":{"line":203,"column":null}},"36":{"start":{"line":201,"column":7},"end":{"line":201,"column":null}},"37":{"start":{"line":202,"column":7},"end":{"line":202,"column":null}},"38":{"start":{"line":208,"column":2},"end":{"line":225,"column":null}},"39":{"start":{"line":209,"column":3},"end":{"line":225,"column":null}},"40":{"start":{"line":216,"column":5},"end":{"line":222,"column":null}},"41":{"start":{"line":220,"column":7},"end":{"line":220,"column":null}},"42":{"start":{"line":221,"column":7},"end":{"line":221,"column":null}},"43":{"start":{"line":223,"column":5},"end":{"line":223,"column":null}},"44":{"start":{"line":224,"column":5},"end":{"line":224,"column":null}},"45":{"start":{"line":229,"column":2},"end":{"line":229,"column":null}},"46":{"start":{"line":231,"column":2},"end":{"line":241,"column":null}},"47":{"start":{"line":235,"column":4},"end":{"line":240,"column":null}},"48":{"start":{"line":238,"column":6},"end":{"line":238,"column":null}},"49":{"start":{"line":239,"column":6},"end":{"line":239,"column":null}},"50":{"start":{"line":243,"column":2},"end":{"line":253,"column":null}},"51":{"start":{"line":247,"column":4},"end":{"line":252,"column":null}},"52":{"start":{"line":250,"column":6},"end":{"line":250,"column":null}},"53":{"start":{"line":251,"column":6},"end":{"line":251,"column":null}},"54":{"start":{"line":256,"column":2},"end":{"line":262,"column":null}},"55":{"start":{"line":264,"column":20},"end":{"line":264,"column":null}},"56":{"start":{"line":265,"column":2},"end":{"line":285,"column":null}},"57":{"start":{"line":266,"column":3},"end":{"line":285,"column":null}},"58":{"start":{"line":269,"column":5},"end":{"line":274,"column":null}},"59":{"start":{"line":272,"column":7},"end":{"line":272,"column":null}},"60":{"start":{"line":273,"column":7},"end":{"line":273,"column":null}},"61":{"start":{"line":277,"column":5},"end":{"line":284,"column":null}},"62":{"start":{"line":281,"column":7},"end":{"line":281,"column":null}},"63":{"start":{"line":282,"column":7},"end":{"line":282,"column":null}},"64":{"start":{"line":283,"column":7},"end":{"line":283,"column":null}},"65":{"start":{"line":288,"column":15},"end":{"line":288,"column":null}},"66":{"start":{"line":289,"column":2},"end":{"line":317,"column":null}},"67":{"start":{"line":293,"column":4},"end":{"line":298,"column":null}},"68":{"start":{"line":297,"column":6},"end":{"line":297,"column":null}},"69":{"start":{"line":301,"column":4},"end":{"line":316,"column":null}},"70":{"start":{"line":305,"column":22},"end":{"line":305,"column":35}},"71":{"start":{"line":306,"column":6},"end":{"line":306,"column":null}},"72":{"start":{"line":306,"column":32},"end":{"line":306,"column":null}},"73":{"start":{"line":307,"column":25},"end":{"line":307,"column":null}},"74":{"start":{"line":308,"column":6},"end":{"line":310,"column":null}},"75":{"start":{"line":309,"column":7},"end":{"line":309,"column":null}},"76":{"start":{"line":310,"column":7},"end":{"line":310,"column":null}},"77":{"start":{"line":312,"column":6},"end":{"line":313,"column":null}},"78":{"start":{"line":314,"column":6},"end":{"line":314,"column":null}},"79":{"start":{"line":315,"column":6},"end":{"line":315,"column":null}}},"fnMap":{"0":{"name":"(anonymous_0)","decl":{"start":{"line":80,"column":1},"end":{"line":80,"column":13}},"loc":{"start":{"line":80,"column":48},"end":{"line":82,"column":null}},"line":80},"1":{"name":"(anonymous_1)","decl":{"start":{"line":85,"column":1},"end":{"line":85,"column":17}},"loc":{"start":{"line":85,"column":17},"end":{"line":317,"column":null}},"line":85},"2":{"name":"(anonymous_2)","decl":{"start":{"line":98,"column":4},"end":{"line":98,"column":13}},"loc":{"start":{"line":99,"column":4},"end":{"line":105,"column":null}},"line":99},"3":{"name":"(anonymous_3)","decl":{"start":{"line":102,"column":15},"end":{"line":102,"column":22}},"loc":{"start":{"line":102,"column":32},"end":{"line":105,"column":null}},"line":102},"4":{"name":"(anonymous_4)","decl":{"start":{"line":114,"column":4},"end":{"line":114,"column":15}},"loc":{"start":{"line":115,"column":4},"end":{"line":122,"column":null}},"line":115},"5":{"name":"(anonymous_5)","decl":{"start":{"line":119,"column":15},"end":{"line":119,"column":22}},"loc":{"start":{"line":119,"column":32},"end":{"line":122,"column":null}},"line":119},"6":{"name":"(anonymous_6)","decl":{"start":{"line":128,"column":4},"end":{"line":128,"column":15}},"loc":{"start":{"line":129,"column":4},"end":{"line":136,"column":null}},"line":129},"7":{"name":"(anonymous_7)","decl":{"start":{"line":133,"column":15},"end":{"line":133,"column":22}},"loc":{"start":{"line":133,"column":32},"end":{"line":136,"column":null}},"line":133},"8":{"name":"(anonymous_8)","decl":{"start":{"line":145,"column":4},"end":{"line":145,"column":15}},"loc":{"start":{"line":146,"column":4},"end":{"line":153,"column":null}},"line":146},"9":{"name":"(anonymous_9)","decl":{"start":{"line":150,"column":15},"end":{"line":150,"column":22}},"loc":{"start":{"line":150,"column":32},"end":{"line":153,"column":null}},"line":150},"10":{"name":"(anonymous_10)","decl":{"start":{"line":163,"column":4},"end":{"line":163,"column":17}},"loc":{"start":{"line":164,"column":4},"end":{"line":173,"column":null}},"line":164},"11":{"name":"(anonymous_11)","decl":{"start":{"line":168,"column":15},"end":{"line":168,"column":22}},"loc":{"start":{"line":168,"column":32},"end":{"line":173,"column":null}},"line":168},"12":{"name":"(anonymous_12)","decl":{"start":{"line":184,"column":5},"end":{"line":184,"column":14}},"loc":{"start":{"line":185,"column":5},"end":{"line":191,"column":null}},"line":185},"13":{"name":"(anonymous_13)","decl":{"start":{"line":188,"column":16},"end":{"line":188,"column":23}},"loc":{"start":{"line":188,"column":33},"end":{"line":191,"column":null}},"line":188},"14":{"name":"(anonymous_14)","decl":{"start":{"line":197,"column":5},"end":{"line":197,"column":16}},"loc":{"start":{"line":198,"column":5},"end":{"line":203,"column":null}},"line":198},"15":{"name":"(anonymous_15)","decl":{"start":{"line":200,"column":16},"end":{"line":200,"column":23}},"loc":{"start":{"line":200,"column":33},"end":{"line":203,"column":null}},"line":200},"16":{"name":"(anonymous_16)","decl":{"start":{"line":215,"column":5},"end":{"line":215,"column":18}},"loc":{"start":{"line":215,"column":27},"end":{"line":225,"column":null}},"line":215},"17":{"name":"(anonymous_17)","decl":{"start":{"line":219,"column":16},"end":{"line":219,"column":23}},"loc":{"start":{"line":219,"column":33},"end":{"line":222,"column":null}},"line":219},"18":{"name":"(anonymous_18)","decl":{"start":{"line":234,"column":4},"end":{"line":234,"column":20}},"loc":{"start":{"line":235,"column":4},"end":{"line":240,"column":null}},"line":235},"19":{"name":"(anonymous_19)","decl":{"start":{"line":237,"column":15},"end":{"line":237,"column":22}},"loc":{"start":{"line":237,"column":32},"end":{"line":240,"column":null}},"line":237},"20":{"name":"(anonymous_20)","decl":{"start":{"line":246,"column":4},"end":{"line":246,"column":20}},"loc":{"start":{"line":247,"column":4},"end":{"line":252,"column":null}},"line":247},"21":{"name":"(anonymous_21)","decl":{"start":{"line":249,"column":15},"end":{"line":249,"column":22}},"loc":{"start":{"line":249,"column":32},"end":{"line":252,"column":null}},"line":249},"22":{"name":"(anonymous_22)","decl":{"start":{"line":268,"column":5},"end":{"line":268,"column":21}},"loc":{"start":{"line":269,"column":5},"end":{"line":274,"column":null}},"line":269},"23":{"name":"(anonymous_23)","decl":{"start":{"line":271,"column":16},"end":{"line":271,"column":23}},"loc":{"start":{"line":271,"column":33},"end":{"line":274,"column":null}},"line":271},"24":{"name":"(anonymous_24)","decl":{"start":{"line":276,"column":5},"end":{"line":276,"column":21}},"loc":{"start":{"line":277,"column":5},"end":{"line":284,"column":null}},"line":277},"25":{"name":"(anonymous_25)","decl":{"start":{"line":280,"column":15},"end":{"line":280,"column":27}},"loc":{"start":{"line":280,"column":27},"end":{"line":284,"column":null}},"line":280},"26":{"name":"(anonymous_26)","decl":{"start":{"line":292,"column":4},"end":{"line":292,"column":13}},"loc":{"start":{"line":293,"column":4},"end":{"line":298,"column":null}},"line":293},"27":{"name":"(anonymous_27)","decl":{"start":{"line":296,"column":6},"end":{"line":296,"column":16}},"loc":{"start":{"line":296,"column":26},"end":{"line":298,"column":null}},"line":296},"28":{"name":"(anonymous_28)","decl":{"start":{"line":300,"column":4},"end":{"line":300,"column":15}},"loc":{"start":{"line":301,"column":4},"end":{"line":316,"column":null}},"line":301},"29":{"name":"(anonymous_29)","decl":{"start":{"line":304,"column":14},"end":{"line":304,"column":26}},"loc":{"start":{"line":304,"column":26},"end":{"line":316,"column":null}},"line":304}},"branchMap":{"0":{"loc":{"start":{"line":177,"column":2},"end":{"line":204,"column":null}},"type":"if","locations":[{"start":{"line":177,"column":2},"end":{"line":204,"column":null}},{"start":{},"end":{}}],"line":177},"1":{"loc":{"start":{"line":208,"column":2},"end":{"line":225,"column":null}},"type":"if","locations":[{"start":{"line":208,"column":2},"end":{"line":225,"column":null}},{"start":{},"end":{}}],"line":208},"2":{"loc":{"start":{"line":270,"column":16},"end":{"line":270,"column":70}},"type":"binary-expr","locations":[{"start":{"line":270,"column":16},"end":{"line":270,"column":34}},{"start":{"line":270,"column":34},"end":{"line":270,"column":70}}],"line":270},"3":{"loc":{"start":{"line":306,"column":6},"end":{"line":306,"column":null}},"type":"if","locations":[{"start":{"line":306,"column":6},"end":{"line":306,"column":null}},{"start":{},"end":{}}],"line":306},"4":{"loc":{"start":{"line":307,"column":25},"end":{"line":307,"column":null}},"type":"cond-expr","locations":[{"start":{"line":307,"column":51},"end":{"line":307,"column":61}},{"start":{"line":307,"column":61},"end":{"line":307,"column":null}}],"line":307},"5":{"loc":{"start":{"line":308,"column":6},"end":{"line":310,"column":null}},"type":"if","locations":[{"start":{"line":308,"column":6},"end":{"line":310,"column":null}},{"start":{},"end":{}}],"line":308}},"s":{"0":1,"1":0,"2":0,"3":0,"4":0,"5":0,"6":0,"7":0,"8":0,"9":0,"10":0,"11":0,"12":0,"13":0,"14":0,"15":0,"16":0,"17":0,"18":0,"19":0,"20":0,"21":0,"22":0,"23":0,"24":0,"25":0,"26":0,"27":0,"28":0,"29":0,"30":0,"31":0,"32":0,"33":0,"34":0,"35":0,"36":0,"37":0,"38":0,"39":0,"40":0,"41":0,"42":0,"43":0,"44":0,"45":0,"46":0,"47":0,"48":0,"49":0,"50":0,"51":0,"52":0,"53":0,"54":0,"55":0,"56":0,"57":0,"58":0,"59":0,"60":0,"61":0,"62":0,"63":0,"64":0,"65":0,"66":0,"67":0,"68":0,"69":0,"70":0,"71":0,"72":0,"73":0,"74":0,"75":0,"76":0,"77":0,"78":0,"79":0},"f":{"0":0,"1":0,"2":0,"3":0,"4":0,"5":0,"6":0,"7":0,"8":0,"9":0,"10":0,"11":0,"12":0,"13":0,"14":0,"15":0,"16":0,"17":0,"18":0,"19":0,"20":0,"21":0,"22":0,"23":0,"24":0,"25":0,"26":0,"27":0,"28":0,"29":0},"b":{"0":[0,0],"1":[0,0],"2":[0,0],"3":[0,0],"4":[0,0],"5":[0,0]},"meta":{"lastBranch":6,"lastFunction":30,"lastStatement":80,"seen":{"s:63:51:75:Infinity":0,"f:80:1:80:13":0,"s:81:2:81:Infinity":1,"s:82:2:82:Infinity":2,"f:85:1:85:17":1,"s:86:26:86:Infinity":3,"s:87:2:87:Infinity":4,"s:90:2:90:Infinity":5,"s:92:2:106:Infinity":6,"f:98:4:98:13":2,"s:99:4:105:Infinity":7,"f:102:15:102:22":3,"s:103:6:103:Infinity":8,"s:104:6:104:Infinity":9,"s:109:2:109:Infinity":10,"s:111:2:123:Infinity":11,"f:114:4:114:15":4,"s:115:4:122:Infinity":12,"f:119:15:119:22":5,"s:120:6:120:Infinity":13,"s:121:6:121:Infinity":14,"s:125:2:137:Infinity":15,"f:128:4:128:15":6,"s:129:4:136:Infinity":16,"f:133:15:133:22":7,"s:134:6:134:Infinity":17,"s:135:6:135:Infinity":18,"s:140:2:140:Infinity":19,"s:142:2:154:Infinity":20,"f:145:4:145:15":8,"s:146:4:153:Infinity":21,"f:150:15:150:22":9,"s:151:6:151:Infinity":22,"s:152:6:152:Infinity":23,"s:156:2:174:Infinity":24,"f:163:4:163:17":10,"s:164:4:173:Infinity":25,"f:168:15:168:22":11,"s:169:6:169:Infinity":26,"s:170:6:170:Infinity":27,"s:172:6:172:Infinity":28,"b:177:2:204:Infinity:undefined:undefined:undefined:undefined":0,"s:177:2:204:Infinity":29,"s:178:3:192:Infinity":30,"f:184:5:184:14":12,"s:185:5:191:Infinity":31,"f:188:16:188:23":13,"s:189:7:189:Infinity":32,"s:190:7:190:Infinity":33,"s:194:3:204:Infinity":34,"f:197:5:197:16":14,"s:198:5:203:Infinity":35,"f:200:16:200:23":15,"s:201:7:201:Infinity":36,"s:202:7:202:Infinity":37,"b:208:2:225:Infinity:undefined:undefined:undefined:undefined":1,"s:208:2:225:Infinity":38,"s:209:3:225:Infinity":39,"f:215:5:215:18":16,"s:216:5:222:Infinity":40,"f:219:16:219:23":17,"s:220:7:220:Infinity":41,"s:221:7:221:Infinity":42,"s:223:5:223:Infinity":43,"s:224:5:224:Infinity":44,"s:229:2:229:Infinity":45,"s:231:2:241:Infinity":46,"f:234:4:234:20":18,"s:235:4:240:Infinity":47,"f:237:15:237:22":19,"s:238:6:238:Infinity":48,"s:239:6:239:Infinity":49,"s:243:2:253:Infinity":50,"f:246:4:246:20":20,"s:247:4:252:Infinity":51,"f:249:15:249:22":21,"s:250:6:250:Infinity":52,"s:251:6:251:Infinity":53,"s:256:2:262:Infinity":54,"s:264:20:264:Infinity":55,"s:265:2:285:Infinity":56,"s:266:3:285:Infinity":57,"f:268:5:268:21":22,"s:269:5:274:Infinity":58,"b:270:16:270:34:270:34:270:70":2,"f:271:16:271:23":23,"s:272:7:272:Infinity":59,"s:273:7:273:Infinity":60,"f:276:5:276:21":24,"s:277:5:284:Infinity":61,"f:280:15:280:27":25,"s:281:7:281:Infinity":62,"s:282:7:282:Infinity":63,"s:283:7:283:Infinity":64,"s:288:15:288:Infinity":65,"s:289:2:317:Infinity":66,"f:292:4:292:13":26,"s:293:4:298:Infinity":67,"f:296:6:296:16":27,"s:297:6:297:Infinity":68,"f:300:4:300:15":28,"s:301:4:316:Infinity":69,"f:304:14:304:26":29,"s:305:22:305:35":70,"b:306:6:306:Infinity:undefined:undefined:undefined:undefined":3,"s:306:6:306:Infinity":71,"s:306:32:306:Infinity":72,"s:307:25:307:Infinity":73,"b:307:51:307:61:307:61:307:Infinity":4,"b:308:6:310:Infinity:undefined:undefined:undefined:undefined":5,"s:308:6:310:Infinity":74,"s:309:7:309:Infinity":75,"s:310:7:310:Infinity":76,"s:312:6:313:Infinity":77,"s:314:6:314:Infinity":78,"s:315:6:315:Infinity":79}}}
,"/home/runner/work/Obsidian-Time-Blocks/Obsidian-Time-Blocks/src/utils/icsParser.ts": {"path":"/home/runner/work/Obsidian-Time-Blocks/Obsidian-Time-Blocks/src/utils/icsParser.ts","statementMap":{"0":{"start":{"line":8,"column":1},"end":{"line":11,"column":null}},"1":{"start":{"line":27,"column":1},"end":{"line":31,"column":null}},"2":{"start":{"line":28,"column":12},"end":{"line":28,"column":43}},"3":{"start":{"line":29,"column":13},"end":{"line":29,"column":null}},"4":{"start":{"line":30,"column":12},"end":{"line":30,"column":43}},"5":{"start":{"line":31,"column":2},"end":{"line":31,"column":null}},"6":{"start":{"line":35,"column":1},"end":{"line":42,"column":null}},"7":{"start":{"line":36,"column":16},"end":{"line":36,"column":33}},"8":{"start":{"line":37,"column":16},"end":{"line":37,"column":33}},"9":{"start":{"line":38,"column":16},"end":{"line":38,"column":33}},"10":{"start":{"line":39,"column":16},"end":{"line":39,"column":34}},"11":{"start":{"line":40,"column":16},"end":{"line":40,"column":35}},"12":{"start":{"line":41,"column":16},"end":{"line":41,"column":35}},"13":{"start":{"line":42,"column":2},"end":{"line":42,"column":null}},"14":{"start":{"line":46,"column":1},"end":{"line":53,"column":null}},"15":{"start":{"line":47,"column":13},"end":{"line":47,"column":44}},"16":{"start":{"line":48,"column":13},"end":{"line":48,"column":null}},"17":{"start":{"line":49,"column":13},"end":{"line":49,"column":44}},"18":{"start":{"line":50,"column":13},"end":{"line":50,"column":45}},"19":{"start":{"line":51,"column":13},"end":{"line":51,"column":46}},"20":{"start":{"line":52,"column":13},"end":{"line":52,"column":46}},"21":{"start":{"line":53,"column":2},"end":{"line":53,"column":null}},"22":{"start":{"line":56,"column":1},"end":{"line":56,"column":null}},"23":{"start":{"line":61,"column":1},"end":{"line":65,"column":null}},"24":{"start":{"line":74,"column":29},"end":{"line":74,"column":31}},"25":{"start":{"line":75,"column":15},"end":{"line":75,"column":35}},"26":{"start":{"line":77,"column":15},"end":{"line":77,"column":null}},"27":{"start":{"line":78,"column":11},"end":{"line":78,"column":null}},"28":{"start":{"line":79,"column":15},"end":{"line":79,"column":null}},"29":{"start":{"line":80,"column":15},"end":{"line":80,"column":null}},"30":{"start":{"line":81,"column":13},"end":{"line":81,"column":null}},"31":{"start":{"line":82,"column":19},"end":{"line":82,"column":null}},"32":{"start":{"line":83,"column":16},"end":{"line":83,"column":null}},"33":{"start":{"line":84,"column":21},"end":{"line":84,"column":null}},"34":{"start":{"line":86,"column":1},"end":{"line":148,"column":null}},"35":{"start":{"line":87,"column":18},"end":{"line":87,"column":29}},"36":{"start":{"line":89,"column":2},"end":{"line":98,"column":null}},"37":{"start":{"line":90,"column":3},"end":{"line":90,"column":null}},"38":{"start":{"line":91,"column":3},"end":{"line":91,"column":null}},"39":{"start":{"line":92,"column":3},"end":{"line":92,"column":null}},"40":{"start":{"line":93,"column":3},"end":{"line":93,"column":null}},"41":{"start":{"line":94,"column":3},"end":{"line":94,"column":null}},"42":{"start":{"line":95,"column":3},"end":{"line":95,"column":null}},"43":{"start":{"line":96,"column":3},"end":{"line":96,"column":null}},"44":{"start":{"line":97,"column":3},"end":{"line":97,"column":null}},"45":{"start":{"line":98,"column":3},"end":{"line":98,"column":null}},"46":{"start":{"line":101,"column":2},"end":{"line":125,"column":null}},"47":{"start":{"line":102,"column":3},"end":{"line":102,"column":null}},"48":{"start":{"line":103,"column":3},"end":{"line":122,"column":null}},"49":{"start":{"line":104,"column":18},"end":{"line":104,"column":39}},"50":{"start":{"line":105,"column":14},"end":{"line":105,"column":null}},"51":{"start":{"line":107,"column":4},"end":{"line":122,"column":null}},"52":{"start":{"line":108,"column":5},"end":{"line":111,"column":null}},"53":{"start":{"line":109,"column":6},"end":{"line":109,"column":null}},"54":{"start":{"line":110,"column":6},"end":{"line":111,"column":null}},"55":{"start":{"line":110,"column":26},"end":{"line":110,"column":null}},"56":{"start":{"line":111,"column":11},"end":{"line":111,"column":null}},"57":{"start":{"line":114,"column":5},"end":{"line":122,"column":null}},"58":{"start":{"line":125,"column":3},"end":{"line":125,"column":null}},"59":{"start":{"line":128,"column":2},"end":{"line":128,"column":null}},"60":{"start":{"line":128,"column":16},"end":{"line":128,"column":null}},"61":{"start":{"line":131,"column":19},"end":{"line":131,"column":36}},"62":{"start":{"line":132,"column":2},"end":{"line":132,"column":null}},"63":{"start":{"line":132,"column":23},"end":{"line":132,"column":null}},"64":{"start":{"line":133,"column":14},"end":{"line":133,"column":51}},"65":{"start":{"line":134,"column":16},"end":{"line":134,"column":40}},"66":{"start":{"line":136,"column":2},"end":{"line":148,"column":null}},"67":{"start":{"line":137,"column":3},"end":{"line":137,"column":null}},"68":{"start":{"line":138,"column":13},"end":{"line":148,"column":null}},"69":{"start":{"line":139,"column":3},"end":{"line":139,"column":null}},"70":{"start":{"line":140,"column":3},"end":{"line":140,"column":null}},"71":{"start":{"line":141,"column":13},"end":{"line":148,"column":null}},"72":{"start":{"line":142,"column":3},"end":{"line":142,"column":null}},"73":{"start":{"line":143,"column":13},"end":{"line":148,"column":null}},"74":{"start":{"line":144,"column":3},"end":{"line":144,"column":null}},"75":{"start":{"line":145,"column":13},"end":{"line":148,"column":null}},"76":{"start":{"line":146,"column":3},"end":{"line":146,"column":null}},"77":{"start":{"line":147,"column":13},"end":{"line":148,"column":null}},"78":{"start":{"line":148,"column":3},"end":{"line":148,"column":null}},"79":{"start":{"line":152,"column":1},"end":{"line":152,"column":null}}},"fnMap":{"0":{"name":"unfoldLines","decl":{"start":{"line":7,"column":9},"end":{"line":7,"column":21}},"loc":{"start":{"line":7,"column":48},"end":{"line":11,"column":null}},"line":7},"1":{"name":"parseICSDate","decl":{"start":{"line":25,"column":9},"end":{"line":25,"column":22}},"loc":{"start":{"line":25,"column":50},"end":{"line":56,"column":null}},"line":25},"2":{"name":"decodeICSText","decl":{"start":{"line":60,"column":9},"end":{"line":60,"column":23}},"loc":{"start":{"line":60,"column":46},"end":{"line":65,"column":null}},"line":60},"3":{"name":"parseICS","decl":{"start":{"line":73,"column":16},"end":{"line":73,"column":25}},"loc":{"start":{"line":73,"column":55},"end":{"line":152,"column":null}},"line":73}},"branchMap":{"0":{"loc":{"start":{"line":27,"column":1},"end":{"line":31,"column":null}},"type":"if","locations":[{"start":{"line":27,"column":1},"end":{"line":31,"column":null}},{"start":{},"end":{}}],"line":27},"1":{"loc":{"start":{"line":35,"column":1},"end":{"line":42,"column":null}},"type":"if","locations":[{"start":{"line":35,"column":1},"end":{"line":42,"column":null}},{"start":{},"end":{}}],"line":35},"2":{"loc":{"start":{"line":46,"column":1},"end":{"line":53,"column":null}},"type":"if","locations":[{"start":{"line":46,"column":1},"end":{"line":53,"column":null}},{"start":{},"end":{}}],"line":46},"3":{"loc":{"start":{"line":89,"column":2},"end":{"line":98,"column":null}},"type":"if","locations":[{"start":{"line":89,"column":2},"end":{"line":98,"column":null}},{"start":{},"end":{}}],"line":89},"4":{"loc":{"start":{"line":101,"column":2},"end":{"line":125,"column":null}},"type":"if","locations":[{"start":{"line":101,"column":2},"end":{"line":125,"column":null}},{"start":{},"end":{}}],"line":101},"5":{"loc":{"start":{"line":103,"column":3},"end":{"line":122,"column":null}},"type":"if","locations":[{"start":{"line":103,"column":3},"end":{"line":122,"column":null}},{"start":{},"end":{}}],"line":103},"6":{"loc":{"start":{"line":103,"column":7},"end":{"line":103,"column":23}},"type":"binary-expr","locations":[{"start":{"line":103,"column":7},"end":{"line":103,"column":14}},{"start":{"line":103,"column":14},"end":{"line":103,"column":23}}],"line":103},"7":{"loc":{"start":{"line":105,"column":14},"end":{"line":105,"column":null}},"type":"cond-expr","locations":[{"start":{"line":105,"column":22},"end":{"line":105,"column":41}},{"start":{"line":105,"column":44},"end":{"line":105,"column":null}}],"line":105},"8":{"loc":{"start":{"line":107,"column":4},"end":{"line":122,"column":null}},"type":"if","locations":[{"start":{"line":107,"column":4},"end":{"line":122,"column":null}},{"start":{},"end":{}}],"line":107},"9":{"loc":{"start":{"line":108,"column":5},"end":{"line":111,"column":null}},"type":"if","locations":[{"start":{"line":108,"column":5},"end":{"line":111,"column":null}},{"start":{},"end":{}}],"line":108},"10":{"loc":{"start":{"line":110,"column":6},"end":{"line":111,"column":null}},"type":"if","locations":[{"start":{"line":110,"column":6},"end":{"line":111,"column":null}},{"start":{"line":111,"column":11},"end":{"line":111,"column":null}}],"line":110},"11":{"loc":{"start":{"line":116,"column":13},"end":{"line":116,"column":null}},"type":"binary-expr","locations":[{"start":{"line":116,"column":13},"end":{"line":116,"column":24}},{"start":{"line":116,"column":24},"end":{"line":116,"column":null}}],"line":116},"12":{"loc":{"start":{"line":120,"column":19},"end":{"line":120,"column":null}},"type":"binary-expr","locations":[{"start":{"line":120,"column":19},"end":{"line":120,"column":34}},{"start":{"line":120,"column":34},"end":{"line":120,"column":null}}],"line":120},"13":{"loc":{"start":{"line":121,"column":16},"end":{"line":121,"column":null}},"type":"binary-expr","locations":[{"start":{"line":121,"column":16},"end":{"line":121,"column":28}},{"start":{"line":121,"column":28},"end":{"line":121,"column":null}}],"line":121},"14":{"loc":{"start":{"line":128,"column":2},"end":{"line":128,"column":null}},"type":"if","locations":[{"start":{"line":128,"column":2},"end":{"line":128,"column":null}},{"start":{},"end":{}}],"line":128},"15":{"loc":{"start":{"line":132,"column":2},"end":{"line":132,"column":null}},"type":"if","locations":[{"start":{"line":132,"column":2},"end":{"line":132,"column":null}},{"start":{},"end":{}}],"line":132},"16":{"loc":{"start":{"line":136,"column":2},"end":{"line":148,"column":null}},"type":"if","locations":[{"start":{"line":136,"column":2},"end":{"line":148,"column":null}},{"start":{"line":138,"column":13},"end":{"line":148,"column":null}}],"line":136},"17":{"loc":{"start":{"line":138,"column":13},"end":{"line":148,"column":null}},"type":"if","locations":[{"start":{"line":138,"column":13},"end":{"line":148,"column":null}},{"start":{"line":141,"column":13},"end":{"line":148,"column":null}}],"line":138},"18":{"loc":{"start":{"line":139,"column":19},"end":{"line":139,"column":75}},"type":"binary-expr","locations":[{"start":{"line":139,"column":19},"end":{"line":139,"column":45}},{"start":{"line":139,"column":49},"end":{"line":139,"column":75}}],"line":139},"19":{"loc":{"start":{"line":141,"column":13},"end":{"line":148,"column":null}},"type":"if","locations":[{"start":{"line":141,"column":13},"end":{"line":148,"column":null}},{"start":{"line":143,"column":13},"end":{"line":148,"column":null}}],"line":141},"20":{"loc":{"start":{"line":143,"column":13},"end":{"line":148,"column":null}},"type":"if","locations":[{"start":{"line":143,"column":13},"end":{"line":148,"column":null}},{"start":{"line":145,"column":13},"end":{"line":148,"column":null}}],"line":143},"21":{"loc":{"start":{"line":145,"column":13},"end":{"line":148,"column":null}},"type":"if","locations":[{"start":{"line":145,"column":13},"end":{"line":148,"column":null}},{"start":{"line":147,"column":13},"end":{"line":148,"column":null}}],"line":145},"22":{"loc":{"start":{"line":147,"column":13},"end":{"line":148,"column":null}},"type":"if","locations":[{"start":{"line":147,"column":13},"end":{"line":148,"column":null}},{"start":{},"end":{}}],"line":147}},"s":{"0":16,"1":24,"2":3,"3":3,"4":3,"5":3,"6":21,"7":17,"8":17,"9":17,"10":17,"11":17,"12":17,"13":17,"14":4,"15":4,"16":4,"17":4,"18":4,"19":4,"20":4,"21":4,"22":0,"23":16,"24":16,"25":16,"26":16,"27":16,"28":16,"29":16,"30":16,"31":16,"32":16,"33":16,"34":16,"35":143,"36":143,"37":15,"38":15,"39":15,"40":15,"41":15,"42":15,"43":15,"44":15,"45":15,"46":128,"47":15,"48":15,"49":13,"50":13,"51":13,"52":13,"53":2,"54":2,"55":1,"56":1,"57":13,"58":15,"59":113,"60":58,"61":55,"62":55,"63":0,"64":55,"65":55,"66":55,"67":14,"68":41,"69":14,"70":14,"71":27,"72":11,"73":16,"74":14,"75":2,"76":1,"77":1,"78":1,"79":16},"f":{"0":16,"1":24,"2":16,"3":16},"b":{"0":[3,21],"1":[17,4],"2":[4,0],"3":[15,128],"4":[15,113],"5":[13,2],"6":[15,14],"7":[11,2],"8":[13,0],"9":[2,11],"10":[1,1],"11":[13,1],"12":[13,12],"13":[13,12],"14":[58,55],"15":[0,55],"16":[14,41],"17":[14,27],"18":[14,2],"19":[11,16],"20":[14,2],"21":[1,1],"22":[1,0]},"meta":{"lastBranch":23,"lastFunction":4,"lastStatement":80,"seen":{"f:7:9:7:21":0,"s:8:1:11:Infinity":0,"f:25:9:25:22":1,"b:27:1:31:Infinity:undefined:undefined:undefined:undefined":0,"s:27:1:31:Infinity":1,"s:28:12:28:43":2,"s:29:13:29:Infinity":3,"s:30:12:30:43":4,"s:31:2:31:Infinity":5,"b:35:1:42:Infinity:undefined:undefined:undefined:undefined":1,"s:35:1:42:Infinity":6,"s:36:16:36:33":7,"s:37:16:37:33":8,"s:38:16:38:33":9,"s:39:16:39:34":10,"s:40:16:40:35":11,"s:41:16:41:35":12,"s:42:2:42:Infinity":13,"b:46:1:53:Infinity:undefined:undefined:undefined:undefined":2,"s:46:1:53:Infinity":14,"s:47:13:47:44":15,"s:48:13:48:Infinity":16,"s:49:13:49:44":17,"s:50:13:50:45":18,"s:51:13:51:46":19,"s:52:13:52:46":20,"s:53:2:53:Infinity":21,"s:56:1:56:Infinity":22,"f:60:9:60:23":2,"s:61:1:65:Infinity":23,"f:73:16:73:25":3,"s:74:29:74:31":24,"s:75:15:75:35":25,"s:77:15:77:Infinity":26,"s:78:11:78:Infinity":27,"s:79:15:79:Infinity":28,"s:80:15:80:Infinity":29,"s:81:13:81:Infinity":30,"s:82:19:82:Infinity":31,"s:83:16:83:Infinity":32,"s:84:21:84:Infinity":33,"s:86:1:148:Infinity":34,"s:87:18:87:29":35,"b:89:2:98:Infinity:undefined:undefined:undefined:undefined":3,"s:89:2:98:Infinity":36,"s:90:3:90:Infinity":37,"s:91:3:91:Infinity":38,"s:92:3:92:Infinity":39,"s:93:3:93:Infinity":40,"s:94:3:94:Infinity":41,"s:95:3:95:Infinity":42,"s:96:3:96:Infinity":43,"s:97:3:97:Infinity":44,"s:98:3:98:Infinity":45,"b:101:2:125:Infinity:undefined:undefined:undefined:undefined":4,"s:101:2:125:Infinity":46,"s:102:3:102:Infinity":47,"b:103:3:122:Infinity:undefined:undefined:undefined:undefined":5,"s:103:3:122:Infinity":48,"b:103:7:103:14:103:14:103:23":6,"s:104:18:104:39":49,"s:105:14:105:Infinity":50,"b:105:22:105:41:105:44:105:Infinity":7,"b:107:4:122:Infinity:undefined:undefined:undefined:undefined":8,"s:107:4:122:Infinity":51,"b:108:5:111:Infinity:undefined:undefined:undefined:undefined":9,"s:108:5:111:Infinity":52,"s:109:6:109:Infinity":53,"b:110:6:111:Infinity:111:11:111:Infinity":10,"s:110:6:111:Infinity":54,"s:110:26:110:Infinity":55,"s:111:11:111:Infinity":56,"s:114:5:122:Infinity":57,"b:116:13:116:24:116:24:116:Infinity":11,"b:120:19:120:34:120:34:120:Infinity":12,"b:121:16:121:28:121:28:121:Infinity":13,"s:125:3:125:Infinity":58,"b:128:2:128:Infinity:undefined:undefined:undefined:undefined":14,"s:128:2:128:Infinity":59,"s:128:16:128:Infinity":60,"s:131:19:131:36":61,"b:132:2:132:Infinity:undefined:undefined:undefined:undefined":15,"s:132:2:132:Infinity":62,"s:132:23:132:Infinity":63,"s:133:14:133:51":64,"s:134:16:134:40":65,"b:136:2:148:Infinity:138:13:148:Infinity":16,"s:136:2:148:Infinity":66,"s:137:3:137:Infinity":67,"b:138:13:148:Infinity:141:13:148:Infinity":17,"s:138:13:148:Infinity":68,"s:139:3:139:Infinity":69,"b:139:19:139:45:139:49:139:75":18,"s:140:3:140:Infinity":70,"b:141:13:148:Infinity:143:13:148:Infinity":19,"s:141:13:148:Infinity":71,"s:142:3:142:Infinity":72,"b:143:13:148:Infinity:145:13:148:Infinity":20,"s:143:13:148:Infinity":73,"s:144:3:144:Infinity":74,"b:145:13:148:Infinity:147:13:148:Infinity":21,"s:145:13:148:Infinity":75,"s:146:3:146:Infinity":76,"b:147:13:148:Infinity:undefined:undefined:undefined:undefined":22,"s:147:13:148:Infinity":77,"s:148:3:148:Infinity":78,"s:152:1:152:Infinity":79}}}
,"/home/runner/work/Obsidian-Time-Blocks/Obsidian-Time-Blocks/src/utils/queryFilter.ts": {"path":"/home/runner/work/Obsidian-Time-Blocks/Obsidian-Time-Blocks/src/utils/queryFilter.ts","statementMap":{"0":{"start":{"line":44,"column":47},"end":{"line":51,"column":null}},"1":{"start":{"line":54,"column":1},"end":{"line":54,"column":null}},"2":{"start":{"line":59,"column":20},"end":{"line":59,"column":null}},"3":{"start":{"line":63,"column":1},"end":{"line":63,"column":null}},"4":{"start":{"line":63,"column":29},"end":{"line":63,"column":null}},"5":{"start":{"line":64,"column":11},"end":{"line":64,"column":38}},"6":{"start":{"line":65,"column":1},"end":{"line":65,"column":null}},"7":{"start":{"line":70,"column":1},"end":{"line":70,"column":null}},"8":{"start":{"line":81,"column":29},"end":{"line":81,"column":null}},"9":{"start":{"line":83,"column":1},"end":{"line":200,"column":null}},"10":{"start":{"line":84,"column":15},"end":{"line":84,"column":29}},"11":{"start":{"line":85,"column":2},"end":{"line":85,"column":null}},"12":{"start":{"line":85,"column":37},"end":{"line":85,"column":null}},"13":{"start":{"line":87,"column":16},"end":{"line":87,"column":34}},"14":{"start":{"line":90,"column":2},"end":{"line":92,"column":null}},"15":{"start":{"line":91,"column":3},"end":{"line":91,"column":null}},"16":{"start":{"line":91,"column":30},"end":{"line":91,"column":43}},"17":{"start":{"line":92,"column":3},"end":{"line":92,"column":null}},"18":{"start":{"line":94,"column":2},"end":{"line":96,"column":null}},"19":{"start":{"line":95,"column":3},"end":{"line":95,"column":null}},"20":{"start":{"line":95,"column":30},"end":{"line":95,"column":42}},"21":{"start":{"line":96,"column":3},"end":{"line":96,"column":null}},"22":{"start":{"line":100,"column":19},"end":{"line":100,"column":66}},"23":{"start":{"line":101,"column":2},"end":{"line":121,"column":null}},"24":{"start":{"line":102,"column":14},"end":{"line":102,"column":null}},"25":{"start":{"line":103,"column":20},"end":{"line":103,"column":49}},"26":{"start":{"line":104,"column":18},"end":{"line":104,"column":41}},"27":{"start":{"line":105,"column":3},"end":{"line":118,"column":null}},"28":{"start":{"line":106,"column":22},"end":{"line":106,"column":38}},"29":{"start":{"line":107,"column":4},"end":{"line":118,"column":null}},"30":{"start":{"line":108,"column":5},"end":{"line":110,"column":null}},"31":{"start":{"line":109,"column":6},"end":{"line":109,"column":null}},"32":{"start":{"line":111,"column":15},"end":{"line":118,"column":null}},"33":{"start":{"line":112,"column":5},"end":{"line":114,"column":null}},"34":{"start":{"line":113,"column":6},"end":{"line":113,"column":null}},"35":{"start":{"line":116,"column":5},"end":{"line":118,"column":null}},"36":{"start":{"line":117,"column":6},"end":{"line":117,"column":null}},"37":{"start":{"line":121,"column":3},"end":{"line":121,"column":null}},"38":{"start":{"line":125,"column":23},"end":{"line":125,"column":62}},"39":{"start":{"line":126,"column":2},"end":{"line":129,"column":null}},"40":{"start":{"line":127,"column":19},"end":{"line":127,"column":66}},"41":{"start":{"line":128,"column":3},"end":{"line":128,"column":null}},"42":{"start":{"line":128,"column":30},"end":{"line":128,"column":71}},"43":{"start":{"line":129,"column":3},"end":{"line":129,"column":null}},"44":{"start":{"line":131,"column":23},"end":{"line":131,"column":74}},"45":{"start":{"line":132,"column":2},"end":{"line":135,"column":null}},"46":{"start":{"line":133,"column":19},"end":{"line":133,"column":66}},"47":{"start":{"line":134,"column":3},"end":{"line":134,"column":null}},"48":{"start":{"line":134,"column":30},"end":{"line":134,"column":72}},"49":{"start":{"line":135,"column":3},"end":{"line":135,"column":null}},"50":{"start":{"line":139,"column":23},"end":{"line":139,"column":69}},"51":{"start":{"line":140,"column":2},"end":{"line":143,"column":null}},"52":{"start":{"line":141,"column":19},"end":{"line":141,"column":66}},"53":{"start":{"line":142,"column":3},"end":{"line":142,"column":null}},"54":{"start":{"line":142,"column":30},"end":{"line":142,"column":68}},"55":{"start":{"line":143,"column":3},"end":{"line":143,"column":null}},"56":{"start":{"line":145,"column":23},"end":{"line":145,"column":81}},"57":{"start":{"line":146,"column":2},"end":{"line":149,"column":null}},"58":{"start":{"line":147,"column":19},"end":{"line":147,"column":66}},"59":{"start":{"line":148,"column":3},"end":{"line":148,"column":null}},"60":{"start":{"line":148,"column":30},"end":{"line":148,"column":69}},"61":{"start":{"line":149,"column":3},"end":{"line":149,"column":null}},"62":{"start":{"line":153,"column":22},"end":{"line":153,"column":63}},"63":{"start":{"line":154,"column":2},"end":{"line":159,"column":null}},"64":{"start":{"line":155,"column":16},"end":{"line":155,"column":62}},"65":{"start":{"line":156,"column":3},"end":{"line":158,"column":null}},"66":{"start":{"line":157,"column":4},"end":{"line":157,"column":49}},"67":{"start":{"line":157,"column":24},"end":{"line":157,"column":49}},"68":{"start":{"line":159,"column":3},"end":{"line":159,"column":null}},"69":{"start":{"line":161,"column":22},"end":{"line":161,"column":76}},"70":{"start":{"line":162,"column":2},"end":{"line":167,"column":null}},"71":{"start":{"line":163,"column":16},"end":{"line":163,"column":62}},"72":{"start":{"line":164,"column":3},"end":{"line":166,"column":null}},"73":{"start":{"line":165,"column":4},"end":{"line":165,"column":50}},"74":{"start":{"line":165,"column":25},"end":{"line":165,"column":50}},"75":{"start":{"line":167,"column":3},"end":{"line":167,"column":null}},"76":{"start":{"line":171,"column":20},"end":{"line":171,"column":71}},"77":{"start":{"line":172,"column":2},"end":{"line":185,"column":null}},"78":{"start":{"line":173,"column":14},"end":{"line":173,"column":null}},"79":{"start":{"line":174,"column":17},"end":{"line":174,"column":65}},"80":{"start":{"line":175,"column":3},"end":{"line":182,"column":null}},"81":{"start":{"line":176,"column":4},"end":{"line":182,"column":null}},"82":{"start":{"line":177,"column":5},"end":{"line":177,"column":null}},"83":{"start":{"line":177,"column":26},"end":{"line":177,"column":62}},"84":{"start":{"line":178,"column":15},"end":{"line":182,"column":null}},"85":{"start":{"line":180,"column":5},"end":{"line":180,"column":null}},"86":{"start":{"line":180,"column":26},"end":{"line":180,"column":60}},"87":{"start":{"line":182,"column":5},"end":{"line":182,"column":null}},"88":{"start":{"line":182,"column":26},"end":{"line":182,"column":60}},"89":{"start":{"line":185,"column":3},"end":{"line":185,"column":null}},"90":{"start":{"line":189,"column":21},"end":{"line":189,"column":65}},"91":{"start":{"line":190,"column":2},"end":{"line":193,"column":null}},"92":{"start":{"line":191,"column":13},"end":{"line":191,"column":50}},"93":{"start":{"line":192,"column":3},"end":{"line":192,"column":null}},"94":{"start":{"line":192,"column":14},"end":{"line":192,"column":null}},"95":{"start":{"line":193,"column":3},"end":{"line":193,"column":null}},"96":{"start":{"line":197,"column":20},"end":{"line":197,"column":75}},"97":{"start":{"line":198,"column":2},"end":{"line":200,"column":null}},"98":{"start":{"line":199,"column":3},"end":{"line":199,"column":null}},"99":{"start":{"line":200,"column":3},"end":{"line":200,"column":null}},"100":{"start":{"line":206,"column":1},"end":{"line":206,"column":null}},"101":{"start":{"line":216,"column":14},"end":{"line":216,"column":null}},"102":{"start":{"line":219,"column":1},"end":{"line":220,"column":null}},"103":{"start":{"line":220,"column":2},"end":{"line":220,"column":null}},"104":{"start":{"line":224,"column":1},"end":{"line":242,"column":null}},"105":{"start":{"line":225,"column":2},"end":{"line":242,"column":null}},"106":{"start":{"line":226,"column":3},"end":{"line":240,"column":null}},"107":{"start":{"line":228,"column":16},"end":{"line":228,"column":null}},"108":{"start":{"line":229,"column":16},"end":{"line":229,"column":null}},"109":{"start":{"line":230,"column":5},"end":{"line":230,"column":null}},"110":{"start":{"line":233,"column":16},"end":{"line":233,"column":null}},"111":{"start":{"line":234,"column":16},"end":{"line":234,"column":null}},"112":{"start":{"line":235,"column":5},"end":{"line":235,"column":null}},"113":{"start":{"line":238,"column":5},"end":{"line":238,"column":null}},"114":{"start":{"line":240,"column":5},"end":{"line":240,"column":null}},"115":{"start":{"line":246,"column":1},"end":{"line":247,"column":null}},"116":{"start":{"line":247,"column":2},"end":{"line":247,"column":null}},"117":{"start":{"line":250,"column":1},"end":{"line":250,"column":null}}},"fnMap":{"0":{"name":"resolvePriority","decl":{"start":{"line":53,"column":9},"end":{"line":53,"column":25}},"loc":{"start":{"line":53,"column":59},"end":{"line":54,"column":null}},"line":53},"1":{"name":"parseLocalDate","decl":{"start":{"line":62,"column":9},"end":{"line":62,"column":24}},"loc":{"start":{"line":62,"column":50},"end":{"line":65,"column":null}},"line":62},"2":{"name":"dayStart","decl":{"start":{"line":69,"column":9},"end":{"line":69,"column":18}},"loc":{"start":{"line":69,"column":35},"end":{"line":70,"column":null}},"line":69},"3":{"name":"parseQuery","decl":{"start":{"line":80,"column":16},"end":{"line":80,"column":27}},"loc":{"start":{"line":80,"column":53},"end":{"line":206,"column":null}},"line":80},"4":{"name":"(anonymous_4)","decl":{"start":{"line":91,"column":18},"end":{"line":91,"column":24}},"loc":{"start":{"line":91,"column":30},"end":{"line":91,"column":43}},"line":91},"5":{"name":"(anonymous_5)","decl":{"start":{"line":95,"column":18},"end":{"line":95,"column":24}},"loc":{"start":{"line":95,"column":30},"end":{"line":95,"column":42}},"line":95},"6":{"name":"(anonymous_6)","decl":{"start":{"line":108,"column":20},"end":{"line":108,"column":26}},"loc":{"start":{"line":109,"column":6},"end":{"line":109,"column":null}},"line":109},"7":{"name":"(anonymous_7)","decl":{"start":{"line":112,"column":20},"end":{"line":112,"column":26}},"loc":{"start":{"line":113,"column":6},"end":{"line":113,"column":null}},"line":113},"8":{"name":"(anonymous_8)","decl":{"start":{"line":116,"column":20},"end":{"line":116,"column":26}},"loc":{"start":{"line":117,"column":6},"end":{"line":117,"column":null}},"line":117},"9":{"name":"(anonymous_9)","decl":{"start":{"line":128,"column":18},"end":{"line":128,"column":24}},"loc":{"start":{"line":128,"column":30},"end":{"line":128,"column":71}},"line":128},"10":{"name":"(anonymous_10)","decl":{"start":{"line":134,"column":18},"end":{"line":134,"column":24}},"loc":{"start":{"line":134,"column":30},"end":{"line":134,"column":72}},"line":134},"11":{"name":"(anonymous_11)","decl":{"start":{"line":142,"column":18},"end":{"line":142,"column":24}},"loc":{"start":{"line":142,"column":30},"end":{"line":142,"column":68}},"line":142},"12":{"name":"(anonymous_12)","decl":{"start":{"line":148,"column":18},"end":{"line":148,"column":24}},"loc":{"start":{"line":148,"column":30},"end":{"line":148,"column":69}},"line":148},"13":{"name":"(anonymous_13)","decl":{"start":{"line":156,"column":18},"end":{"line":156,"column":24}},"loc":{"start":{"line":157,"column":4},"end":{"line":157,"column":49}},"line":157},"14":{"name":"(anonymous_14)","decl":{"start":{"line":157,"column":11},"end":{"line":157,"column":17}},"loc":{"start":{"line":157,"column":24},"end":{"line":157,"column":49}},"line":157},"15":{"name":"(anonymous_15)","decl":{"start":{"line":164,"column":18},"end":{"line":164,"column":24}},"loc":{"start":{"line":165,"column":4},"end":{"line":165,"column":50}},"line":165},"16":{"name":"(anonymous_16)","decl":{"start":{"line":165,"column":12},"end":{"line":165,"column":18}},"loc":{"start":{"line":165,"column":25},"end":{"line":165,"column":50}},"line":165},"17":{"name":"(anonymous_17)","decl":{"start":{"line":177,"column":20},"end":{"line":177,"column":26}},"loc":{"start":{"line":177,"column":26},"end":{"line":177,"column":62}},"line":177},"18":{"name":"(anonymous_18)","decl":{"start":{"line":180,"column":20},"end":{"line":180,"column":26}},"loc":{"start":{"line":180,"column":26},"end":{"line":180,"column":60}},"line":180},"19":{"name":"(anonymous_19)","decl":{"start":{"line":182,"column":20},"end":{"line":182,"column":26}},"loc":{"start":{"line":182,"column":26},"end":{"line":182,"column":60}},"line":182},"20":{"name":"applyQuery","decl":{"start":{"line":215,"column":16},"end":{"line":215,"column":27}},"loc":{"start":{"line":215,"column":78},"end":{"line":250,"column":null}},"line":215},"21":{"name":"(anonymous_21)","decl":{"start":{"line":225,"column":23},"end":{"line":225,"column":29}},"loc":{"start":{"line":225,"column":38},"end":{"line":242,"column":null}},"line":225}},"branchMap":{"0":{"loc":{"start":{"line":63,"column":1},"end":{"line":63,"column":null}},"type":"if","locations":[{"start":{"line":63,"column":1},"end":{"line":63,"column":null}},{"start":{},"end":{}}],"line":63},"1":{"loc":{"start":{"line":65,"column":8},"end":{"line":65,"column":null}},"type":"cond-expr","locations":[{"start":{"line":65,"column":29},"end":{"line":65,"column":36}},{"start":{"line":65,"column":36},"end":{"line":65,"column":null}}],"line":65},"2":{"loc":{"start":{"line":85,"column":2},"end":{"line":85,"column":null}},"type":"if","locations":[{"start":{"line":85,"column":2},"end":{"line":85,"column":null}},{"start":{},"end":{}}],"line":85},"3":{"loc":{"start":{"line":85,"column":6},"end":{"line":85,"column":35}},"type":"binary-expr","locations":[{"start":{"line":85,"column":6},"end":{"line":85,"column":15}},{"start":{"line":85,"column":15},"end":{"line":85,"column":35}}],"line":85},"4":{"loc":{"start":{"line":90,"column":2},"end":{"line":92,"column":null}},"type":"if","locations":[{"start":{"line":90,"column":2},"end":{"line":92,"column":null}},{"start":{},"end":{}}],"line":90},"5":{"loc":{"start":{"line":94,"column":2},"end":{"line":96,"column":null}},"type":"if","locations":[{"start":{"line":94,"column":2},"end":{"line":96,"column":null}},{"start":{},"end":{}}],"line":94},"6":{"loc":{"start":{"line":101,"column":2},"end":{"line":121,"column":null}},"type":"if","locations":[{"start":{"line":101,"column":2},"end":{"line":121,"column":null}},{"start":{},"end":{}}],"line":101},"7":{"loc":{"start":{"line":105,"column":3},"end":{"line":118,"column":null}},"type":"if","locations":[{"start":{"line":105,"column":3},"end":{"line":118,"column":null}},{"start":{},"end":{}}],"line":105},"8":{"loc":{"start":{"line":107,"column":4},"end":{"line":118,"column":null}},"type":"if","locations":[{"start":{"line":107,"column":4},"end":{"line":118,"column":null}},{"start":{"line":111,"column":15},"end":{"line":118,"column":null}}],"line":107},"9":{"loc":{"start":{"line":109,"column":6},"end":{"line":109,"column":null}},"type":"binary-expr","locations":[{"start":{"line":109,"column":6},"end":{"line":109,"column":33}},{"start":{"line":109,"column":33},"end":{"line":109,"column":null}}],"line":109},"10":{"loc":{"start":{"line":111,"column":15},"end":{"line":118,"column":null}},"type":"if","locations":[{"start":{"line":111,"column":15},"end":{"line":118,"column":null}},{"start":{"line":115,"column":11},"end":{"line":118,"column":null}}],"line":111},"11":{"loc":{"start":{"line":113,"column":6},"end":{"line":113,"column":null}},"type":"binary-expr","locations":[{"start":{"line":113,"column":6},"end":{"line":113,"column":33}},{"start":{"line":113,"column":33},"end":{"line":113,"column":null}}],"line":113},"12":{"loc":{"start":{"line":117,"column":6},"end":{"line":117,"column":null}},"type":"binary-expr","locations":[{"start":{"line":117,"column":6},"end":{"line":117,"column":33}},{"start":{"line":117,"column":33},"end":{"line":117,"column":null}}],"line":117},"13":{"loc":{"start":{"line":126,"column":2},"end":{"line":129,"column":null}},"type":"if","locations":[{"start":{"line":126,"column":2},"end":{"line":129,"column":null}},{"start":{},"end":{}}],"line":126},"14":{"loc":{"start":{"line":132,"column":2},"end":{"line":135,"column":null}},"type":"if","locations":[{"start":{"line":132,"column":2},"end":{"line":135,"column":null}},{"start":{},"end":{}}],"line":132},"15":{"loc":{"start":{"line":140,"column":2},"end":{"line":143,"column":null}},"type":"if","locations":[{"start":{"line":140,"column":2},"end":{"line":143,"column":null}},{"start":{},"end":{}}],"line":140},"16":{"loc":{"start":{"line":146,"column":2},"end":{"line":149,"column":null}},"type":"if","locations":[{"start":{"line":146,"column":2},"end":{"line":149,"column":null}},{"start":{},"end":{}}],"line":146},"17":{"loc":{"start":{"line":154,"column":2},"end":{"line":159,"column":null}},"type":"if","locations":[{"start":{"line":154,"column":2},"end":{"line":159,"column":null}},{"start":{},"end":{}}],"line":154},"18":{"loc":{"start":{"line":162,"column":2},"end":{"line":167,"column":null}},"type":"if","locations":[{"start":{"line":162,"column":2},"end":{"line":167,"column":null}},{"start":{},"end":{}}],"line":162},"19":{"loc":{"start":{"line":172,"column":2},"end":{"line":185,"column":null}},"type":"if","locations":[{"start":{"line":172,"column":2},"end":{"line":185,"column":null}},{"start":{},"end":{}}],"line":172},"20":{"loc":{"start":{"line":175,"column":3},"end":{"line":182,"column":null}},"type":"if","locations":[{"start":{"line":175,"column":3},"end":{"line":182,"column":null}},{"start":{},"end":{}}],"line":175},"21":{"loc":{"start":{"line":176,"column":4},"end":{"line":182,"column":null}},"type":"if","locations":[{"start":{"line":176,"column":4},"end":{"line":182,"column":null}},{"start":{"line":178,"column":15},"end":{"line":182,"column":null}}],"line":176},"22":{"loc":{"start":{"line":177,"column":33},"end":{"line":177,"column":56}},"type":"binary-expr","locations":[{"start":{"line":177,"column":33},"end":{"line":177,"column":47}},{"start":{"line":177,"column":47},"end":{"line":177,"column":56}}],"line":177},"23":{"loc":{"start":{"line":178,"column":15},"end":{"line":182,"column":null}},"type":"if","locations":[{"start":{"line":178,"column":15},"end":{"line":182,"column":null}},{"start":{"line":181,"column":11},"end":{"line":182,"column":null}}],"line":178},"24":{"loc":{"start":{"line":180,"column":33},"end":{"line":180,"column":54}},"type":"binary-expr","locations":[{"start":{"line":180,"column":33},"end":{"line":180,"column":47}},{"start":{"line":180,"column":47},"end":{"line":180,"column":54}}],"line":180},"25":{"loc":{"start":{"line":182,"column":33},"end":{"line":182,"column":54}},"type":"binary-expr","locations":[{"start":{"line":182,"column":33},"end":{"line":182,"column":47}},{"start":{"line":182,"column":47},"end":{"line":182,"column":54}}],"line":182},"26":{"loc":{"start":{"line":190,"column":2},"end":{"line":193,"column":null}},"type":"if","locations":[{"start":{"line":190,"column":2},"end":{"line":193,"column":null}},{"start":{},"end":{}}],"line":190},"27":{"loc":{"start":{"line":192,"column":3},"end":{"line":192,"column":null}},"type":"if","locations":[{"start":{"line":192,"column":3},"end":{"line":192,"column":null}},{"start":{},"end":{}}],"line":192},"28":{"loc":{"start":{"line":198,"column":2},"end":{"line":200,"column":null}},"type":"if","locations":[{"start":{"line":198,"column":2},"end":{"line":200,"column":null}},{"start":{},"end":{}}],"line":198},"29":{"loc":{"start":{"line":224,"column":1},"end":{"line":242,"column":null}},"type":"if","locations":[{"start":{"line":224,"column":1},"end":{"line":242,"column":null}},{"start":{},"end":{}}],"line":224},"30":{"loc":{"start":{"line":226,"column":3},"end":{"line":240,"column":null}},"type":"switch","locations":[{"start":{"line":227,"column":4},"end":{"line":230,"column":null}},{"start":{"line":232,"column":4},"end":{"line":235,"column":null}},{"start":{"line":237,"column":4},"end":{"line":238,"column":null}},{"start":{"line":239,"column":4},"end":{"line":240,"column":null}}],"line":226},"31":{"loc":{"start":{"line":228,"column":16},"end":{"line":228,"column":null}},"type":"binary-expr","locations":[{"start":{"line":228,"column":16},"end":{"line":228,"column":30}},{"start":{"line":228,"column":30},"end":{"line":228,"column":null}}],"line":228},"32":{"loc":{"start":{"line":229,"column":16},"end":{"line":229,"column":null}},"type":"binary-expr","locations":[{"start":{"line":229,"column":16},"end":{"line":229,"column":30}},{"start":{"line":229,"column":30},"end":{"line":229,"column":null}}],"line":229},"33":{"loc":{"start":{"line":233,"column":16},"end":{"line":233,"column":null}},"type":"binary-expr","locations":[{"start":{"line":233,"column":16},"end":{"line":233,"column":36}},{"start":{"line":233,"column":40},"end":{"line":233,"column":null}}],"line":233},"34":{"loc":{"start":{"line":234,"column":16},"end":{"line":234,"column":null}},"type":"binary-expr","locations":[{"start":{"line":234,"column":16},"end":{"line":234,"column":36}},{"start":{"line":234,"column":40},"end":{"line":234,"column":null}}],"line":234},"35":{"loc":{"start":{"line":246,"column":1},"end":{"line":247,"column":null}},"type":"if","locations":[{"start":{"line":246,"column":1},"end":{"line":247,"column":null}},{"start":{},"end":{}}],"line":246},"36":{"loc":{"start":{"line":246,"column":5},"end":{"line":246,"column":46}},"type":"binary-expr","locations":[{"start":{"line":246,"column":5},"end":{"line":246,"column":29}},{"start":{"line":246,"column":29},"end":{"line":246,"column":46}}],"line":246}},"s":{"0":1,"1":7,"2":1,"3":8,"4":1,"5":7,"6":7,"7":16,"8":38,"9":38,"10":51,"11":51,"12":5,"13":46,"14":46,"15":5,"16":5,"17":5,"18":41,"19":2,"20":2,"21":2,"22":39,"23":39,"24":8,"25":8,"26":8,"27":8,"28":7,"29":7,"30":3,"31":4,"32":4,"33":2,"34":4,"35":2,"36":4,"37":8,"38":31,"39":31,"40":2,"41":2,"42":2,"43":2,"44":29,"45":29,"46":2,"47":2,"48":2,"49":2,"50":27,"51":27,"52":2,"53":2,"54":2,"55":2,"56":25,"57":25,"58":2,"59":2,"60":2,"61":2,"62":23,"63":23,"64":3,"65":3,"66":5,"67":4,"68":3,"69":20,"70":20,"71":2,"72":2,"73":3,"74":2,"75":2,"76":18,"77":18,"78":7,"79":7,"80":7,"81":6,"82":2,"83":5,"84":4,"85":2,"86":5,"87":2,"88":5,"89":7,"90":11,"91":11,"92":4,"93":4,"94":3,"95":4,"96":7,"97":7,"98":6,"99":6,"100":38,"101":20,"102":20,"103":16,"104":20,"105":3,"106":11,"107":4,"108":4,"109":4,"110":3,"111":3,"112":3,"113":4,"114":0,"115":20,"116":2,"117":20},"f":{"0":7,"1":8,"2":16,"3":38,"4":5,"5":2,"6":4,"7":4,"8":4,"9":2,"10":2,"11":2,"12":2,"13":5,"14":4,"15":3,"16":2,"17":5,"18":5,"19":5,"20":20,"21":11},"b":{"0":[1,7],"1":[0,7],"2":[5,46],"3":[51,48],"4":[5,41],"5":[2,39],"6":[8,31],"7":[7,1],"8":[3,4],"9":[4,3],"10":[2,2],"11":[4,3],"12":[4,3],"13":[2,29],"14":[2,27],"15":[2,25],"16":[2,23],"17":[3,20],"18":[2,18],"19":[7,11],"20":[6,1],"21":[2,4],"22":[5,1],"23":[2,2],"24":[5,1],"25":[5,1],"26":[4,7],"27":[3,1],"28":[6,1],"29":[3,17],"30":[4,3,4,0],"31":[4,0],"32":[4,0],"33":[3,2],"34":[3,0],"35":[2,18],"36":[20,2]},"meta":{"lastBranch":37,"lastFunction":22,"lastStatement":118,"seen":{"s:44:47:51:Infinity":0,"f:53:9:53:25":0,"s:54:1:54:Infinity":1,"s:59:20:59:Infinity":2,"f:62:9:62:24":1,"b:63:1:63:Infinity:undefined:undefined:undefined:undefined":0,"s:63:1:63:Infinity":3,"s:63:29:63:Infinity":4,"s:64:11:64:38":5,"s:65:1:65:Infinity":6,"b:65:29:65:36:65:36:65:Infinity":1,"f:69:9:69:18":2,"s:70:1:70:Infinity":7,"f:80:16:80:27":3,"s:81:29:81:Infinity":8,"s:83:1:200:Infinity":9,"s:84:15:84:29":10,"b:85:2:85:Infinity:undefined:undefined:undefined:undefined":2,"s:85:2:85:Infinity":11,"b:85:6:85:15:85:15:85:35":3,"s:85:37:85:Infinity":12,"s:87:16:87:34":13,"b:90:2:92:Infinity:undefined:undefined:undefined:undefined":4,"s:90:2:92:Infinity":14,"s:91:3:91:Infinity":15,"f:91:18:91:24":4,"s:91:30:91:43":16,"s:92:3:92:Infinity":17,"b:94:2:96:Infinity:undefined:undefined:undefined:undefined":5,"s:94:2:96:Infinity":18,"s:95:3:95:Infinity":19,"f:95:18:95:24":5,"s:95:30:95:42":20,"s:96:3:96:Infinity":21,"s:100:19:100:66":22,"b:101:2:121:Infinity:undefined:undefined:undefined:undefined":6,"s:101:2:121:Infinity":23,"s:102:14:102:Infinity":24,"s:103:20:103:49":25,"s:104:18:104:41":26,"b:105:3:118:Infinity:undefined:undefined:undefined:undefined":7,"s:105:3:118:Infinity":27,"s:106:22:106:38":28,"b:107:4:118:Infinity:111:15:118:Infinity":8,"s:107:4:118:Infinity":29,"s:108:5:110:Infinity":30,"f:108:20:108:26":6,"s:109:6:109:Infinity":31,"b:109:6:109:33:109:33:109:Infinity":9,"b:111:15:118:Infinity:115:11:118:Infinity":10,"s:111:15:118:Infinity":32,"s:112:5:114:Infinity":33,"f:112:20:112:26":7,"s:113:6:113:Infinity":34,"b:113:6:113:33:113:33:113:Infinity":11,"s:116:5:118:Infinity":35,"f:116:20:116:26":8,"s:117:6:117:Infinity":36,"b:117:6:117:33:117:33:117:Infinity":12,"s:121:3:121:Infinity":37,"s:125:23:125:62":38,"b:126:2:129:Infinity:undefined:undefined:undefined:undefined":13,"s:126:2:129:Infinity":39,"s:127:19:127:66":40,"s:128:3:128:Infinity":41,"f:128:18:128:24":9,"s:128:30:128:71":42,"s:129:3:129:Infinity":43,"s:131:23:131:74":44,"b:132:2:135:Infinity:undefined:undefined:undefined:undefined":14,"s:132:2:135:Infinity":45,"s:133:19:133:66":46,"s:134:3:134:Infinity":47,"f:134:18:134:24":10,"s:134:30:134:72":48,"s:135:3:135:Infinity":49,"s:139:23:139:69":50,"b:140:2:143:Infinity:undefined:undefined:undefined:undefined":15,"s:140:2:143:Infinity":51,"s:141:19:141:66":52,"s:142:3:142:Infinity":53,"f:142:18:142:24":11,"s:142:30:142:68":54,"s:143:3:143:Infinity":55,"s:145:23:145:81":56,"b:146:2:149:Infinity:undefined:undefined:undefined:undefined":16,"s:146:2:149:Infinity":57,"s:147:19:147:66":58,"s:148:3:148:Infinity":59,"f:148:18:148:24":12,"s:148:30:148:69":60,"s:149:3:149:Infinity":61,"s:153:22:153:63":62,"b:154:2:159:Infinity:undefined:undefined:undefined:undefined":17,"s:154:2:159:Infinity":63,"s:155:16:155:62":64,"s:156:3:158:Infinity":65,"f:156:18:156:24":13,"s:157:4:157:49":66,"f:157:11:157:17":14,"s:157:24:157:49":67,"s:159:3:159:Infinity":68,"s:161:22:161:76":69,"b:162:2:167:Infinity:undefined:undefined:undefined:undefined":18,"s:162:2:167:Infinity":70,"s:163:16:163:62":71,"s:164:3:166:Infinity":72,"f:164:18:164:24":15,"s:165:4:165:50":73,"f:165:12:165:18":16,"s:165:25:165:50":74,"s:167:3:167:Infinity":75,"s:171:20:171:71":76,"b:172:2:185:Infinity:undefined:undefined:undefined:undefined":19,"s:172:2:185:Infinity":77,"s:173:14:173:Infinity":78,"s:174:17:174:65":79,"b:175:3:182:Infinity:undefined:undefined:undefined:undefined":20,"s:175:3:182:Infinity":80,"b:176:4:182:Infinity:178:15:182:Infinity":21,"s:176:4:182:Infinity":81,"s:177:5:177:Infinity":82,"f:177:20:177:26":17,"s:177:26:177:62":83,"b:177:33:177:47:177:47:177:56":22,"b:178:15:182:Infinity:181:11:182:Infinity":23,"s:178:15:182:Infinity":84,"s:180:5:180:Infinity":85,"f:180:20:180:26":18,"s:180:26:180:60":86,"b:180:33:180:47:180:47:180:54":24,"s:182:5:182:Infinity":87,"f:182:20:182:26":19,"s:182:26:182:60":88,"b:182:33:182:47:182:47:182:54":25,"s:185:3:185:Infinity":89,"s:189:21:189:65":90,"b:190:2:193:Infinity:undefined:undefined:undefined:undefined":26,"s:190:2:193:Infinity":91,"s:191:13:191:50":92,"b:192:3:192:Infinity:undefined:undefined:undefined:undefined":27,"s:192:3:192:Infinity":93,"s:192:14:192:Infinity":94,"s:193:3:193:Infinity":95,"s:197:20:197:75":96,"b:198:2:200:Infinity:undefined:undefined:undefined:undefined":28,"s:198:2:200:Infinity":97,"s:199:3:199:Infinity":98,"s:200:3:200:Infinity":99,"s:206:1:206:Infinity":100,"f:215:16:215:27":20,"s:216:14:216:Infinity":101,"s:219:1:220:Infinity":102,"s:220:2:220:Infinity":103,"b:224:1:242:Infinity:undefined:undefined:undefined:undefined":29,"s:224:1:242:Infinity":104,"s:225:2:242:Infinity":105,"f:225:23:225:29":21,"b:227:4:230:Infinity:232:4:235:Infinity:237:4:238:Infinity:239:4:240:Infinity":30,"s:226:3:240:Infinity":106,"s:228:16:228:Infinity":107,"b:228:16:228:30:228:30:228:Infinity":31,"s:229:16:229:Infinity":108,"b:229:16:229:30:229:30:229:Infinity":32,"s:230:5:230:Infinity":109,"s:233:16:233:Infinity":110,"b:233:16:233:36:233:40:233:Infinity":33,"s:234:16:234:Infinity":111,"b:234:16:234:36:234:40:234:Infinity":34,"s:235:5:235:Infinity":112,"s:238:5:238:Infinity":113,"s:240:5:240:Infinity":114,"b:246:1:247:Infinity:undefined:undefined:undefined:undefined":35,"s:246:1:247:Infinity":115,"b:246:5:246:29:246:29:246:46":36,"s:247:2:247:Infinity":116,"s:250:1:250:Infinity":117}}}
,"/home/runner/work/Obsidian-Time-Blocks/Obsidian-Time-Blocks/src/utils/taskQuery.ts": {"path":"/home/runner/work/Obsidian-Time-Blocks/Obsidian-Time-Blocks/src/utils/taskQuery.ts","statementMap":{"0":{"start":{"line":8,"column":45},"end":{"line":14,"column":null}},"1":{"start":{"line":17,"column":23},"end":{"line":17,"column":null}},"2":{"start":{"line":26,"column":15},"end":{"line":26,"column":58}},"3":{"start":{"line":27,"column":1},"end":{"line":27,"column":null}},"4":{"start":{"line":27,"column":13},"end":{"line":27,"column":null}},"5":{"start":{"line":29,"column":7},"end":{"line":29,"column":null}},"6":{"start":{"line":30,"column":5},"end":{"line":30,"column":36}},"7":{"start":{"line":34,"column":22},"end":{"line":34,"column":61}},"8":{"start":{"line":35,"column":1},"end":{"line":38,"column":null}},"9":{"start":{"line":36,"column":14},"end":{"line":36,"column":null}},"10":{"start":{"line":37,"column":2},"end":{"line":37,"column":null}},"11":{"start":{"line":37,"column":11},"end":{"line":37,"column":null}},"12":{"start":{"line":38,"column":2},"end":{"line":38,"column":null}},"13":{"start":{"line":43,"column":19},"end":{"line":43,"column":46}},"14":{"start":{"line":44,"column":1},"end":{"line":46,"column":null}},"15":{"start":{"line":45,"column":2},"end":{"line":45,"column":null}},"16":{"start":{"line":46,"column":2},"end":{"line":46,"column":null}},"17":{"start":{"line":50,"column":15},"end":{"line":50,"column":45}},"18":{"start":{"line":54,"column":1},"end":{"line":58,"column":null}},"19":{"start":{"line":60,"column":1},"end":{"line":60,"column":null}},"20":{"start":{"line":60,"column":13},"end":{"line":60,"column":null}},"21":{"start":{"line":62,"column":1},"end":{"line":72,"column":null}},"22":{"start":{"line":95,"column":13},"end":{"line":95,"column":36}},"23":{"start":{"line":97,"column":18},"end":{"line":101,"column":null}},"24":{"start":{"line":98,"column":2},"end":{"line":98,"column":null}},"25":{"start":{"line":98,"column":47},"end":{"line":98,"column":null}},"26":{"start":{"line":99,"column":2},"end":{"line":99,"column":null}},"27":{"start":{"line":99,"column":65},"end":{"line":99,"column":null}},"28":{"start":{"line":100,"column":2},"end":{"line":100,"column":null}},"29":{"start":{"line":103,"column":1},"end":{"line":103,"column":null}},"30":{"start":{"line":112,"column":23},"end":{"line":112,"column":51}},"31":{"start":{"line":114,"column":17},"end":{"line":132,"column":null}},"32":{"start":{"line":116,"column":3},"end":{"line":130,"column":null}},"33":{"start":{"line":117,"column":20},"end":{"line":117,"column":52}},"34":{"start":{"line":118,"column":18},"end":{"line":118,"column":37}},"35":{"start":{"line":119,"column":30},"end":{"line":119,"column":32}},"36":{"start":{"line":121,"column":4},"end":{"line":125,"column":null}},"37":{"start":{"line":121,"column":17},"end":{"line":121,"column":20}},"38":{"start":{"line":122,"column":18},"end":{"line":122,"column":null}},"39":{"start":{"line":123,"column":5},"end":{"line":123,"column":null}},"40":{"start":{"line":123,"column":16},"end":{"line":123,"column":null}},"41":{"start":{"line":124,"column":18},"end":{"line":124,"column":55}},"42":{"start":{"line":125,"column":5},"end":{"line":125,"column":null}},"43":{"start":{"line":125,"column":15},"end":{"line":125,"column":null}},"44":{"start":{"line":128,"column":4},"end":{"line":128,"column":null}},"45":{"start":{"line":130,"column":4},"end":{"line":130,"column":null}},"46":{"start":{"line":135,"column":1},"end":{"line":135,"column":null}},"47":{"start":{"line":140,"column":1},"end":{"line":150,"column":null}},"48":{"start":{"line":141,"column":13},"end":{"line":141,"column":null}},"49":{"start":{"line":142,"column":13},"end":{"line":142,"column":null}},"50":{"start":{"line":143,"column":2},"end":{"line":143,"column":null}},"51":{"start":{"line":143,"column":17},"end":{"line":143,"column":null}},"52":{"start":{"line":145,"column":13},"end":{"line":145,"column":null}},"53":{"start":{"line":146,"column":13},"end":{"line":146,"column":null}},"54":{"start":{"line":147,"column":2},"end":{"line":147,"column":null}},"55":{"start":{"line":147,"column":17},"end":{"line":147,"column":null}},"56":{"start":{"line":149,"column":2},"end":{"line":149,"column":null}}},"fnMap":{"0":{"name":"parseTaskLine","decl":{"start":{"line":20,"column":16},"end":{"line":20,"column":null}},"loc":{"start":{"line":24,"column":19},"end":{"line":72,"column":null}},"line":24},"1":{"name":"queryTasks","decl":{"start":{"line":91,"column":22},"end":{"line":91,"column":null}},"loc":{"start":{"line":94,"column":23},"end":{"line":103,"column":null}},"line":94},"2":{"name":"(anonymous_2)","decl":{"start":{"line":97,"column":22},"end":{"line":97,"column":30}},"loc":{"start":{"line":97,"column":39},"end":{"line":101,"column":null}},"line":97},"3":{"name":"scanAllTasks","decl":{"start":{"line":111,"column":22},"end":{"line":111,"column":35}},"loc":{"start":{"line":111,"column":66},"end":{"line":135,"column":null}},"line":111},"4":{"name":"(anonymous_4)","decl":{"start":{"line":115,"column":20},"end":{"line":115,"column":27}},"loc":{"start":{"line":115,"column":36},"end":{"line":132,"column":null}},"line":115},"5":{"name":"sortTasksDefault","decl":{"start":{"line":139,"column":9},"end":{"line":139,"column":26}},"loc":{"start":{"line":139,"column":57},"end":{"line":150,"column":null}},"line":139},"6":{"name":"(anonymous_6)","decl":{"start":{"line":140,"column":14},"end":{"line":140,"column":20}},"loc":{"start":{"line":140,"column":29},"end":{"line":150,"column":null}},"line":140}},"branchMap":{"0":{"loc":{"start":{"line":27,"column":1},"end":{"line":27,"column":null}},"type":"if","locations":[{"start":{"line":27,"column":1},"end":{"line":27,"column":null}},{"start":{},"end":{}}],"line":27},"1":{"loc":{"start":{"line":29,"column":20},"end":{"line":29,"column":36}},"type":"binary-expr","locations":[{"start":{"line":29,"column":20},"end":{"line":29,"column":32}},{"start":{"line":29,"column":32},"end":{"line":29,"column":36}}],"line":29},"2":{"loc":{"start":{"line":30,"column":14},"end":{"line":30,"column":30}},"type":"binary-expr","locations":[{"start":{"line":30,"column":14},"end":{"line":30,"column":26}},{"start":{"line":30,"column":26},"end":{"line":30,"column":30}}],"line":30},"3":{"loc":{"start":{"line":35,"column":1},"end":{"line":38,"column":null}},"type":"if","locations":[{"start":{"line":35,"column":1},"end":{"line":38,"column":null}},{"start":{},"end":{}}],"line":35},"4":{"loc":{"start":{"line":37,"column":2},"end":{"line":37,"column":null}},"type":"if","locations":[{"start":{"line":37,"column":2},"end":{"line":37,"column":null}},{"start":{},"end":{}}],"line":37},"5":{"loc":{"start":{"line":44,"column":1},"end":{"line":46,"column":null}},"type":"if","locations":[{"start":{"line":44,"column":1},"end":{"line":46,"column":null}},{"start":{},"end":{}}],"line":44},"6":{"loc":{"start":{"line":50,"column":15},"end":{"line":50,"column":45}},"type":"binary-expr","locations":[{"start":{"line":50,"column":15},"end":{"line":50,"column":39}},{"start":{"line":50,"column":43},"end":{"line":50,"column":45}}],"line":50},"7":{"loc":{"start":{"line":60,"column":1},"end":{"line":60,"column":null}},"type":"if","locations":[{"start":{"line":60,"column":1},"end":{"line":60,"column":null}},{"start":{},"end":{}}],"line":60},"8":{"loc":{"start":{"line":93,"column":1},"end":{"line":93,"column":29}},"type":"default-arg","locations":[{"start":{"line":93,"column":27},"end":{"line":93,"column":29}}],"line":93},"9":{"loc":{"start":{"line":98,"column":2},"end":{"line":98,"column":null}},"type":"if","locations":[{"start":{"line":98,"column":2},"end":{"line":98,"column":null}},{"start":{},"end":{}}],"line":98},"10":{"loc":{"start":{"line":98,"column":6},"end":{"line":98,"column":47}},"type":"binary-expr","locations":[{"start":{"line":98,"column":6},"end":{"line":98,"column":31}},{"start":{"line":98,"column":31},"end":{"line":98,"column":47}}],"line":98},"11":{"loc":{"start":{"line":99,"column":2},"end":{"line":99,"column":null}},"type":"if","locations":[{"start":{"line":99,"column":2},"end":{"line":99,"column":null}},{"start":{},"end":{}}],"line":99},"12":{"loc":{"start":{"line":99,"column":6},"end":{"line":99,"column":63}},"type":"binary-expr","locations":[{"start":{"line":99,"column":6},"end":{"line":99,"column":26}},{"start":{"line":99,"column":26},"end":{"line":99,"column":63}}],"line":99},"13":{"loc":{"start":{"line":123,"column":5},"end":{"line":123,"column":null}},"type":"if","locations":[{"start":{"line":123,"column":5},"end":{"line":123,"column":null}},{"start":{},"end":{}}],"line":123},"14":{"loc":{"start":{"line":125,"column":5},"end":{"line":125,"column":null}},"type":"if","locations":[{"start":{"line":125,"column":5},"end":{"line":125,"column":null}},{"start":{},"end":{}}],"line":125},"15":{"loc":{"start":{"line":141,"column":13},"end":{"line":141,"column":null}},"type":"binary-expr","locations":[{"start":{"line":141,"column":13},"end":{"line":141,"column":27}},{"start":{"line":141,"column":27},"end":{"line":141,"column":null}}],"line":141},"16":{"loc":{"start":{"line":142,"column":13},"end":{"line":142,"column":null}},"type":"binary-expr","locations":[{"start":{"line":142,"column":13},"end":{"line":142,"column":27}},{"start":{"line":142,"column":27},"end":{"line":142,"column":null}}],"line":142},"17":{"loc":{"start":{"line":143,"column":2},"end":{"line":143,"column":null}},"type":"if","locations":[{"start":{"line":143,"column":2},"end":{"line":143,"column":null}},{"start":{},"end":{}}],"line":143},"18":{"loc":{"start":{"line":145,"column":13},"end":{"line":145,"column":null}},"type":"binary-expr","locations":[{"start":{"line":145,"column":13},"end":{"line":145,"column":33}},{"start":{"line":145,"column":37},"end":{"line":145,"column":null}}],"line":145},"19":{"loc":{"start":{"line":146,"column":13},"end":{"line":146,"column":null}},"type":"binary-expr","locations":[{"start":{"line":146,"column":13},"end":{"line":146,"column":33}},{"start":{"line":146,"column":37},"end":{"line":146,"column":null}}],"line":146},"20":{"loc":{"start":{"line":147,"column":2},"end":{"line":147,"column":null}},"type":"if","locations":[{"start":{"line":147,"column":2},"end":{"line":147,"column":null}},{"start":{},"end":{}}],"line":147}},"s":{"0":1,"1":1,"2":21,"3":21,"4":4,"5":17,"6":21,"7":21,"8":21,"9":4,"10":4,"11":4,"12":4,"13":17,"14":17,"15":6,"16":6,"17":17,"18":21,"19":21,"20":1,"21":17,"22":0,"23":0,"24":0,"25":0,"26":0,"27":0,"28":0,"29":0,"30":0,"31":0,"32":0,"33":0,"34":0,"35":0,"36":0,"37":0,"38":0,"39":0,"40":0,"41":0,"42":0,"43":0,"44":0,"45":0,"46":0,"47":0,"48":0,"49":0,"50":0,"51":0,"52":0,"53":0,"54":0,"55":0,"56":0},"f":{"0":21,"1":0,"2":0,"3":0,"4":0,"5":0,"6":0},"b":{"0":[4,17],"1":[17,0],"2":[21,0],"3":[4,17],"4":[4,0],"5":[6,11],"6":[17,14],"7":[1,20],"8":[0],"9":[0,0],"10":[0,0],"11":[0,0],"12":[0,0],"13":[0,0],"14":[0,0],"15":[0,0],"16":[0,0],"17":[0,0],"18":[0,0],"19":[0,0],"20":[0,0]},"meta":{"lastBranch":21,"lastFunction":7,"lastStatement":57,"seen":{"s:8:45:14:Infinity":0,"s:17:23:17:Infinity":1,"f:20:16:20:Infinity":0,"s:26:15:26:58":2,"b:27:1:27:Infinity:undefined:undefined:undefined:undefined":0,"s:27:1:27:Infinity":3,"s:27:13:27:Infinity":4,"s:29:7:29:Infinity":5,"b:29:20:29:32:29:32:29:36":1,"s:30:5:30:36":6,"b:30:14:30:26:30:26:30:30":2,"s:34:22:34:61":7,"b:35:1:38:Infinity:undefined:undefined:undefined:undefined":3,"s:35:1:38:Infinity":8,"s:36:14:36:Infinity":9,"b:37:2:37:Infinity:undefined:undefined:undefined:undefined":4,"s:37:2:37:Infinity":10,"s:37:11:37:Infinity":11,"s:38:2:38:Infinity":12,"s:43:19:43:46":13,"b:44:1:46:Infinity:undefined:undefined:undefined:undefined":5,"s:44:1:46:Infinity":14,"s:45:2:45:Infinity":15,"s:46:2:46:Infinity":16,"s:50:15:50:45":17,"b:50:15:50:39:50:43:50:45":6,"s:54:1:58:Infinity":18,"b:60:1:60:Infinity:undefined:undefined:undefined:undefined":7,"s:60:1:60:Infinity":19,"s:60:13:60:Infinity":20,"s:62:1:72:Infinity":21,"f:91:22:91:Infinity":1,"b:93:27:93:29":8,"s:95:13:95:36":22,"s:97:18:101:Infinity":23,"f:97:22:97:30":2,"b:98:2:98:Infinity:undefined:undefined:undefined:undefined":9,"s:98:2:98:Infinity":24,"b:98:6:98:31:98:31:98:47":10,"s:98:47:98:Infinity":25,"b:99:2:99:Infinity:undefined:undefined:undefined:undefined":11,"s:99:2:99:Infinity":26,"b:99:6:99:26:99:26:99:63":12,"s:99:65:99:Infinity":27,"s:100:2:100:Infinity":28,"s:103:1:103:Infinity":29,"f:111:22:111:35":3,"s:112:23:112:51":30,"s:114:17:132:Infinity":31,"f:115:20:115:27":4,"s:116:3:130:Infinity":32,"s:117:20:117:52":33,"s:118:18:118:37":34,"s:119:30:119:32":35,"s:121:4:125:Infinity":36,"s:121:17:121:20":37,"s:122:18:122:Infinity":38,"b:123:5:123:Infinity:undefined:undefined:undefined:undefined":13,"s:123:5:123:Infinity":39,"s:123:16:123:Infinity":40,"s:124:18:124:55":41,"b:125:5:125:Infinity:undefined:undefined:undefined:undefined":14,"s:125:5:125:Infinity":42,"s:125:15:125:Infinity":43,"s:128:4:128:Infinity":44,"s:130:4:130:Infinity":45,"s:135:1:135:Infinity":46,"f:139:9:139:26":5,"s:140:1:150:Infinity":47,"f:140:14:140:20":6,"s:141:13:141:Infinity":48,"b:141:13:141:27:141:27:141:Infinity":15,"s:142:13:142:Infinity":49,"b:142:13:142:27:142:27:142:Infinity":16,"b:143:2:143:Infinity:undefined:undefined:undefined:undefined":17,"s:143:2:143:Infinity":50,"s:143:17:143:Infinity":51,"s:145:13:145:Infinity":52,"b:145:13:145:33:145:37:145:Infinity":18,"s:146:13:146:Infinity":53,"b:146:13:146:33:146:37:146:Infinity":19,"b:147:2:147:Infinity:undefined:undefined:undefined:undefined":20,"s:147:2:147:Infinity":54,"s:147:17:147:Infinity":55,"s:149:2:149:Infinity":56}}}
,"/home/runner/work/Obsidian-Time-Blocks/Obsidian-Time-Blocks/src/utils/weekUtils.ts": {"path":"/home/runner/work/Obsidian-Time-Blocks/Obsidian-Time-Blocks/src/utils/weekUtils.ts","statementMap":{"0":{"start":{"line":5,"column":11},"end":{"line":5,"column":25}},"1":{"start":{"line":6,"column":13},"end":{"line":6,"column":23}},"2":{"start":{"line":7,"column":14},"end":{"line":7,"column":null}},"3":{"start":{"line":8,"column":1},"end":{"line":8,"column":null}},"4":{"start":{"line":9,"column":1},"end":{"line":9,"column":null}},"5":{"start":{"line":10,"column":1},"end":{"line":10,"column":null}},"6":{"start":{"line":17,"column":7},"end":{"line":20,"column":null}},"7":{"start":{"line":18,"column":12},"end":{"line":18,"column":31}},"8":{"start":{"line":19,"column":2},"end":{"line":19,"column":null}},"9":{"start":{"line":20,"column":2},"end":{"line":20,"column":null}},"10":{"start":{"line":22,"column":1},"end":{"line":22,"column":null}},"11":{"start":{"line":27,"column":11},"end":{"line":27,"column":29}},"12":{"start":{"line":28,"column":11},"end":{"line":28,"column":55}},"13":{"start":{"line":29,"column":11},"end":{"line":29,"column":50}},"14":{"start":{"line":30,"column":1},"end":{"line":30,"column":null}},"15":{"start":{"line":35,"column":15},"end":{"line":35,"column":25}},"16":{"start":{"line":36,"column":1},"end":{"line":39,"column":null}},"17":{"start":{"line":45,"column":11},"end":{"line":45,"column":25}},"18":{"start":{"line":46,"column":1},"end":{"line":46,"column":null}},"19":{"start":{"line":47,"column":1},"end":{"line":47,"column":null}},"20":{"start":{"line":54,"column":1},"end":{"line":54,"column":null}},"21":{"start":{"line":54,"column":17},"end":{"line":54,"column":null}},"22":{"start":{"line":55,"column":1},"end":{"line":55,"column":null}},"23":{"start":{"line":55,"column":16},"end":{"line":55,"column":null}},"24":{"start":{"line":56,"column":1},"end":{"line":56,"column":null}},"25":{"start":{"line":56,"column":18},"end":{"line":56,"column":null}},"26":{"start":{"line":57,"column":1},"end":{"line":57,"column":null}}},"fnMap":{"0":{"name":"getWeekStart","decl":{"start":{"line":4,"column":16},"end":{"line":4,"column":29}},"loc":{"start":{"line":4,"column":47},"end":{"line":10,"column":null}},"line":4},"1":{"name":"getWeekDays","decl":{"start":{"line":16,"column":16},"end":{"line":16,"column":28}},"loc":{"start":{"line":16,"column":89},"end":{"line":22,"column":null}},"line":16},"2":{"name":"(anonymous_2)","decl":{"start":{"line":17,"column":7},"end":{"line":17,"column":14}},"loc":{"start":{"line":17,"column":39},"end":{"line":20,"column":null}},"line":17},"3":{"name":"formatDate","decl":{"start":{"line":26,"column":16},"end":{"line":26,"column":27}},"loc":{"start":{"line":26,"column":47},"end":{"line":30,"column":null}},"line":26},"4":{"name":"isToday","decl":{"start":{"line":34,"column":16},"end":{"line":34,"column":24}},"loc":{"start":{"line":34,"column":45},"end":{"line":39,"column":null}},"line":34},"5":{"name":"addWeeks","decl":{"start":{"line":44,"column":16},"end":{"line":44,"column":25}},"loc":{"start":{"line":44,"column":58},"end":{"line":47,"column":null}},"line":44},"6":{"name":"formatHour","decl":{"start":{"line":53,"column":16},"end":{"line":53,"column":27}},"loc":{"start":{"line":53,"column":49},"end":{"line":57,"column":null}},"line":53}},"branchMap":{"0":{"loc":{"start":{"line":7,"column":14},"end":{"line":7,"column":null}},"type":"cond-expr","locations":[{"start":{"line":7,"column":26},"end":{"line":7,"column":31}},{"start":{"line":7,"column":31},"end":{"line":7,"column":null}}],"line":7},"1":{"loc":{"start":{"line":37,"column":2},"end":{"line":39,"column":36}},"type":"binary-expr","locations":[{"start":{"line":37,"column":2},"end":{"line":37,"column":44}},{"start":{"line":38,"column":2},"end":{"line":38,"column":38}},{"start":{"line":39,"column":2},"end":{"line":39,"column":36}}],"line":37},"2":{"loc":{"start":{"line":54,"column":1},"end":{"line":54,"column":null}},"type":"if","locations":[{"start":{"line":54,"column":1},"end":{"line":54,"column":null}},{"start":{},"end":{}}],"line":54},"3":{"loc":{"start":{"line":55,"column":1},"end":{"line":55,"column":null}},"type":"if","locations":[{"start":{"line":55,"column":1},"end":{"line":55,"column":null}},{"start":{},"end":{}}],"line":55},"4":{"loc":{"start":{"line":56,"column":1},"end":{"line":56,"column":null}},"type":"if","locations":[{"start":{"line":56,"column":1},"end":{"line":56,"column":null}},{"start":{},"end":{}}],"line":56}},"s":{"0":6,"1":6,"2":6,"3":6,"4":6,"5":6,"6":2,"7":14,"8":14,"9":14,"10":2,"11":4,"12":4,"13":4,"14":4,"15":3,"16":3,"17":4,"18":4,"19":4,"20":8,"21":1,"22":7,"23":7,"24":4,"25":1,"26":3},"f":{"0":6,"1":2,"2":14,"3":4,"4":3,"5":4,"6":8},"b":{"0":[1,5],"1":[3,3,3],"2":[1,7],"3":[3,4],"4":[1,3]},"meta":{"lastBranch":5,"lastFunction":7,"lastStatement":27,"seen":{"f:4:16:4:29":0,"s:5:11:5:25":0,"s:6:13:6:23":1,"s:7:14:7:Infinity":2,"b:7:26:7:31:7:31:7:Infinity":0,"s:8:1:8:Infinity":3,"s:9:1:9:Infinity":4,"s:10:1:10:Infinity":5,"f:16:16:16:28":1,"s:17:7:20:Infinity":6,"f:17:7:17:14":2,"s:18:12:18:31":7,"s:19:2:19:Infinity":8,"s:20:2:20:Infinity":9,"s:22:1:22:Infinity":10,"f:26:16:26:27":3,"s:27:11:27:29":11,"s:28:11:28:55":12,"s:29:11:29:50":13,"s:30:1:30:Infinity":14,"f:34:16:34:24":4,"s:35:15:35:25":15,"s:36:1:39:Infinity":16,"b:37:2:37:44:38:2:38:38:39:2:39:36":1,"f:44:16:44:25":5,"s:45:11:45:25":17,"s:46:1:46:Infinity":18,"s:47:1:47:Infinity":19,"f:53:16:53:27":6,"b:54:1:54:Infinity:undefined:undefined:undefined:undefined":2,"s:54:1:54:Infinity":20,"s:54:17:54:Infinity":21,"b:55:1:55:Infinity:undefined:undefined:undefined:undefined":3,"s:55:1:55:Infinity":22,"s:55:16:55:Infinity":23,"b:56:1:56:Infinity:undefined:undefined:undefined:undefined":4,"s:56:1:56:Infinity":24,"s:56:18:56:Infinity":25,"s:57:1:57:Infinity":26}}}
,"/home/runner/work/Obsidian-Time-Blocks/Obsidian-Time-Blocks/tests/__mocks__/obsidian.ts": {"path":"/home/runner/work/Obsidian-Time-Blocks/Obsidian-Time-Blocks/tests/__mocks__/obsidian.ts","statementMap":{"0":{"start":{"line":14,"column":7},"end":{"line":14,"column":null}},"1":{"start":{"line":15,"column":32},"end":{"line":15,"column":null}},"2":{"start":{"line":16,"column":43},"end":{"line":16,"column":null}},"3":{"start":{"line":25,"column":15},"end":{"line":25,"column":null}},"4":{"start":{"line":26,"column":43},"end":{"line":26,"column":null}},"5":{"start":{"line":31,"column":23},"end":{"line":31,"column":null}},"6":{"start":{"line":32,"column":23},"end":{"line":32,"column":null}},"7":{"start":{"line":33,"column":16},"end":{"line":33,"column":null}},"8":{"start":{"line":34,"column":25},"end":{"line":34,"column":null}},"9":{"start":{"line":35,"column":27},"end":{"line":35,"column":null}},"10":{"start":{"line":36,"column":29},"end":{"line":36,"column":null}},"11":{"start":{"line":37,"column":27},"end":{"line":37,"column":null}},"12":{"start":{"line":38,"column":29},"end":{"line":38,"column":null}},"13":{"start":{"line":39,"column":32},"end":{"line":39,"column":null}},"14":{"start":{"line":40,"column":27},"end":{"line":40,"column":null}},"15":{"start":{"line":41,"column":32},"end":{"line":41,"column":null}},"16":{"start":{"line":49,"column":15},"end":{"line":52,"column":null}},"17":{"start":{"line":59,"column":1},"end":{"line":59,"column":null}}},"fnMap":{"0":{"name":"(anonymous_0)","decl":{"start":{"line":15,"column":1},"end":{"line":15,"column":30}},"loc":{"start":{"line":15,"column":30},"end":{"line":15,"column":null}},"line":15},"1":{"name":"(anonymous_1)","decl":{"start":{"line":16,"column":1},"end":{"line":16,"column":10}},"loc":{"start":{"line":16,"column":41},"end":{"line":16,"column":null}},"line":16},"2":{"name":"(anonymous_2)","decl":{"start":{"line":17,"column":1},"end":{"line":17,"column":14}},"loc":{"start":{"line":17,"column":54},"end":{"line":17,"column":null}},"line":17},"3":{"name":"(anonymous_3)","decl":{"start":{"line":18,"column":1},"end":{"line":18,"column":15}},"loc":{"start":{"line":18,"column":69},"end":{"line":18,"column":null}},"line":18},"4":{"name":"(anonymous_4)","decl":{"start":{"line":19,"column":1},"end":{"line":19,"column":12}},"loc":{"start":{"line":19,"column":33},"end":{"line":19,"column":null}},"line":19},"5":{"name":"(anonymous_5)","decl":{"start":{"line":20,"column":1},"end":{"line":20,"column":15}},"loc":{"start":{"line":20,"column":36},"end":{"line":20,"column":null}},"line":20},"6":{"name":"(anonymous_6)","decl":{"start":{"line":26,"column":1},"end":{"line":26,"column":13}},"loc":{"start":{"line":26,"column":41},"end":{"line":26,"column":null}},"line":26},"7":{"name":"(anonymous_7)","decl":{"start":{"line":25,"column":17},"end":{"line":25,"column":31}},"loc":{"start":{"line":25,"column":31},"end":{"line":25,"column":47}},"line":25},"8":{"name":"(anonymous_8)","decl":{"start":{"line":30,"column":1},"end":{"line":30,"column":13}},"loc":{"start":{"line":30,"column":27},"end":{"line":30,"column":null}},"line":30},"9":{"name":"(anonymous_9)","decl":{"start":{"line":31,"column":1},"end":{"line":31,"column":9}},"loc":{"start":{"line":31,"column":21},"end":{"line":31,"column":null}},"line":31},"10":{"name":"(anonymous_10)","decl":{"start":{"line":32,"column":1},"end":{"line":32,"column":9}},"loc":{"start":{"line":32,"column":21},"end":{"line":32,"column":null}},"line":32},"11":{"name":"(anonymous_11)","decl":{"start":{"line":33,"column":1},"end":{"line":33,"column":14}},"loc":{"start":{"line":33,"column":14},"end":{"line":33,"column":null}},"line":33},"12":{"name":"(anonymous_12)","decl":{"start":{"line":34,"column":1},"end":{"line":34,"column":9}},"loc":{"start":{"line":34,"column":23},"end":{"line":34,"column":null}},"line":34},"13":{"name":"(anonymous_13)","decl":{"start":{"line":35,"column":1},"end":{"line":35,"column":11}},"loc":{"start":{"line":35,"column":25},"end":{"line":35,"column":null}},"line":35},"14":{"name":"(anonymous_14)","decl":{"start":{"line":36,"column":1},"end":{"line":36,"column":13}},"loc":{"start":{"line":36,"column":27},"end":{"line":36,"column":null}},"line":36},"15":{"name":"(anonymous_15)","decl":{"start":{"line":37,"column":1},"end":{"line":37,"column":11}},"loc":{"start":{"line":37,"column":25},"end":{"line":37,"column":null}},"line":37},"16":{"name":"(anonymous_16)","decl":{"start":{"line":38,"column":1},"end":{"line":38,"column":13}},"loc":{"start":{"line":38,"column":27},"end":{"line":38,"column":null}},"line":38},"17":{"name":"(anonymous_17)","decl":{"start":{"line":39,"column":1},"end":{"line":39,"column":16}},"loc":{"start":{"line":39,"column":30},"end":{"line":39,"column":null}},"line":39},"18":{"name":"(anonymous_18)","decl":{"start":{"line":40,"column":1},"end":{"line":40,"column":11}},"loc":{"start":{"line":40,"column":25},"end":{"line":40,"column":null}},"line":40},"19":{"name":"(anonymous_19)","decl":{"start":{"line":41,"column":1},"end":{"line":41,"column":16}},"loc":{"start":{"line":41,"column":30},"end":{"line":41,"column":null}},"line":41},"20":{"name":"(anonymous_20)","decl":{"start":{"line":45,"column":1},"end":{"line":45,"column":13}},"loc":{"start":{"line":45,"column":31},"end":{"line":45,"column":null}},"line":45},"21":{"name":"(anonymous_21)","decl":{"start":{"line":53,"column":1},"end":{"line":53,"column":13}},"loc":{"start":{"line":53,"column":29},"end":{"line":52,"column":null}},"line":53},"22":{"name":"(anonymous_22)","decl":{"start":{"line":51,"column":2},"end":{"line":51,"column":16}},"loc":{"start":{"line":51,"column":16},"end":{"line":51,"column":null}},"line":51},"23":{"name":"requestUrl","decl":{"start":{"line":58,"column":16},"end":{"line":58,"column":27}},"loc":{"start":{"line":58,"column":70},"end":{"line":59,"column":null}},"line":58}},"branchMap":{},"s":{"0":0,"1":0,"2":0,"3":0,"4":0,"5":0,"6":0,"7":0,"8":0,"9":0,"10":0,"11":0,"12":0,"13":0,"14":0,"15":0,"16":0,"17":0},"f":{"0":0,"1":0,"2":0,"3":0,"4":0,"5":0,"6":0,"7":0,"8":0,"9":0,"10":0,"11":0,"12":0,"13":0,"14":0,"15":0,"16":0,"17":0,"18":0,"19":0,"20":0,"21":0,"22":0,"23":0},"b":{},"meta":{"lastBranch":0,"lastFunction":24,"lastStatement":18,"seen":{"s:14:7:14:Infinity":0,"f:15:1:15:30":0,"s:15:32:15:Infinity":1,"f:16:1:16:10":1,"s:16:43:16:Infinity":2,"f:17:1:17:14":2,"f:18:1:18:15":3,"f:19:1:19:12":4,"f:20:1:20:15":5,"f:26:1:26:13":6,"s:25:15:25:Infinity":3,"f:25:17:25:31":7,"s:26:43:26:Infinity":4,"f:30:1:30:13":8,"f:31:1:31:9":9,"s:31:23:31:Infinity":5,"f:32:1:32:9":10,"s:32:23:32:Infinity":6,"f:33:1:33:14":11,"s:33:16:33:Infinity":7,"f:34:1:34:9":12,"s:34:25:34:Infinity":8,"f:35:1:35:11":13,"s:35:27:35:Infinity":9,"f:36:1:36:13":14,"s:36:29:36:Infinity":10,"f:37:1:37:11":15,"s:37:27:37:Infinity":11,"f:38:1:38:13":16,"s:38:29:38:Infinity":12,"f:39:1:39:16":17,"s:39:32:39:Infinity":13,"f:40:1:40:11":18,"s:40:27:40:Infinity":14,"f:41:1:41:16":19,"s:41:32:41:Infinity":15,"f:45:1:45:13":20,"f:53:1:53:13":21,"s:49:15:52:Infinity":16,"f:51:2:51:16":22,"f:58:16:58:27":23,"s:59:1:59:Infinity":17}}}
}
